[2022-07-22T12:45:17.265] [INFO] default - Access connecting to DB to URI: mongodb://127.0.0.1:27017/auth
[2022-07-22T12:45:17.270] [INFO] default - Server is working on http://localhost:5000
[2022-07-27T21:35:47.422] [INFO] default - Loading Application...
[2022-07-27T21:35:47.424] [INFO] default - Database connecting...
[2022-07-27T21:35:47.428] [INFO] default - Middlewares including...
[2022-07-27T21:35:47.429] [INFO] default - Middlewares included.
[2022-07-27T21:35:47.429] [INFO] default - Middlewares including...
[2022-07-27T21:35:47.430] [INFO] default - Middlewares included.
[2022-07-27T21:35:47.430] [INFO] default - Error middleware including...
[2022-07-27T21:35:47.430] [INFO] default - Error middleware included.
[2022-07-27T21:35:47.430] [INFO] default - Success load Application.
[2022-07-27T21:35:47.433] [INFO] default - Server is working on http://localhost:undefined
[2022-07-27T21:35:47.434] [INFO] default - Database is working on mongodb://undefined:undefined/undefined
[2022-07-27T21:35:47.434] [WARN] default - Error on connection to DataBase of Application!
[2022-07-27T21:35:47.434] [ERROR] default - Error: Error on mongoose connect!
    at B:\Projects\auth-ts\dist\server\app.js:46:171
    at processTicksAndRejections (node:internal/process/task_queues:96:5)
[2022-07-27T21:48:04.965] [INFO] default - Loading Application...
[2022-07-27T21:48:04.966] [INFO] default - Database connecting...
[2022-07-27T21:48:04.990] [INFO] default - Database connected.
[2022-07-27T21:48:04.990] [INFO] default - Middlewares including...
[2022-07-27T21:48:04.992] [INFO] default - Middlewares included.
[2022-07-27T21:48:04.992] [INFO] default - Middlewares including...
[2022-07-27T21:48:04.992] [INFO] default - Middlewares included.
[2022-07-27T21:48:04.992] [INFO] default - Error middleware including...
[2022-07-27T21:48:04.993] [INFO] default - Error middleware included.
[2022-07-27T21:48:04.993] [INFO] default - Success load Application.
[2022-07-27T21:48:05.005] [INFO] default - Server is working on http://localhost:5000
[2022-07-27T21:48:05.006] [INFO] default - Database is working on mongodb://127.0.0.1:27017/auth
[2022-07-27T21:50:48.697] [INFO] default - Checking for validation errors...
[2022-07-27T21:50:48.798] [WARN] default - Error on registration in Controller!
[2022-07-27T21:50:48.799] [ERROR] default - TypeError: Cannot read properties of undefined (reading 'validationResult')
    at B:\Projects\auth-ts\dist\server\controllers\userController.js:39:64
    at Generator.next (<anonymous>)
    at B:\Projects\auth-ts\dist\server\controllers\userController.js:8:71
    at new Promise (<anonymous>)
    at __awaiter (B:\Projects\auth-ts\dist\server\controllers\userController.js:4:12)
    at registration (B:\Projects\auth-ts\dist\server\controllers\userController.js:35:16)
    at Layer.handle [as handle_request] (B:\Projects\auth-ts\node_modules\express\lib\router\layer.js:95:5)
    at next (B:\Projects\auth-ts\node_modules\express\lib\router\route.js:144:13)
    at Route.dispatch (B:\Projects\auth-ts\node_modules\express\lib\router\route.js:114:3)
    at Layer.handle [as handle_request] (B:\Projects\auth-ts\node_modules\express\lib\router\layer.js:95:5)
[2022-07-27T22:29:32.941] [INFO] default - Loading Application...
[2022-07-27T22:29:32.943] [INFO] default - Database connecting...
[2022-07-27T22:29:32.970] [INFO] default - Database connected.
[2022-07-27T22:29:32.971] [INFO] default - Middlewares including...
[2022-07-27T22:29:32.971] [INFO] default - Middlewares included.
[2022-07-27T22:29:32.972] [INFO] default - Routing including...
[2022-07-27T22:29:32.972] [INFO] default - Routing included.
[2022-07-27T22:29:32.972] [INFO] default - Error middleware including...
[2022-07-27T22:29:32.972] [INFO] default - Error middleware included.
[2022-07-27T22:29:32.972] [INFO] default - Success load Application.
[2022-07-27T22:29:33.019] [INFO] default - Server is working on http://localhost:5000
[2022-07-27T22:29:33.019] [INFO] default - Database is working on mongodb://127.0.0.1:27017/auth
[2022-07-27T22:29:43.615] [INFO] default - Checking for validation errors...
[2022-07-27T22:29:43.621] [WARN] default - Error on registration in Controller!
[2022-07-27T22:29:43.622] [ERROR] default - TypeError: Cannot read properties of undefined (reading 'validationResult')
    at B:\Projects\auth-ts\dist\server\controllers\userController.js:39:64
    at Generator.next (<anonymous>)
    at B:\Projects\auth-ts\dist\server\controllers\userController.js:8:71
    at new Promise (<anonymous>)
    at __awaiter (B:\Projects\auth-ts\dist\server\controllers\userController.js:4:12)
    at registration (B:\Projects\auth-ts\dist\server\controllers\userController.js:35:16)
    at Layer.handle [as handle_request] (B:\Projects\auth-ts\node_modules\express\lib\router\layer.js:95:5)
    at next (B:\Projects\auth-ts\node_modules\express\lib\router\route.js:144:13)
    at middleware (B:\Projects\auth-ts\node_modules\express-validator\src\middlewares\check.js:16:13)
    at processTicksAndRejections (node:internal/process/task_queues:96:5)
[2022-07-28T00:14:42.230] [INFO] default - Loading Application...
[2022-07-28T00:14:42.231] [INFO] default - Database connecting...
[2022-07-28T00:14:42.291] [INFO] default - Database connected.
[2022-07-28T00:14:42.292] [INFO] default - Middlewares including...
[2022-07-28T00:14:42.293] [INFO] default - Middlewares included.
[2022-07-28T00:14:42.293] [INFO] default - Routing including...
[2022-07-28T00:14:42.293] [INFO] default - Routing included.
[2022-07-28T00:14:42.294] [INFO] default - Error middleware including...
[2022-07-28T00:14:42.294] [INFO] default - Error middleware included.
[2022-07-28T00:14:42.294] [INFO] default - Success load Application.
[2022-07-28T00:14:42.343] [INFO] default - Server is working on http://localhost:5000
[2022-07-28T00:14:42.343] [INFO] default - Database is working on mongodb://127.0.0.1:27017/auth
[2022-07-28T00:15:19.574] [INFO] default - Checking for validation errors...
[2022-07-28T00:15:19.638] [WARN] default - Error on registration in Controller!
[2022-07-28T00:15:19.639] [ERROR] default - TypeError: Cannot read properties of undefined (reading 'validationResult')
    at B:\Projects\auth-ts\dist\server\controllers\userController.js:39:64
    at Generator.next (<anonymous>)
    at B:\Projects\auth-ts\dist\server\controllers\userController.js:8:71
    at new Promise (<anonymous>)
    at __awaiter (B:\Projects\auth-ts\dist\server\controllers\userController.js:4:12)
    at registration (B:\Projects\auth-ts\dist\server\controllers\userController.js:35:16)
    at Layer.handle [as handle_request] (B:\Projects\auth-ts\node_modules\express\lib\router\layer.js:95:5)
    at next (B:\Projects\auth-ts\node_modules\express\lib\router\route.js:144:13)
    at middleware (B:\Projects\auth-ts\node_modules\express-validator\src\middlewares\check.js:16:13)
    at processTicksAndRejections (node:internal/process/task_queues:96:5)
[2022-07-28T00:19:31.266] [INFO] default - Loading Application...
[2022-07-28T00:19:31.268] [INFO] default - Database connecting...
[2022-07-28T00:19:31.278] [INFO] default - Database connected.
[2022-07-28T00:19:31.279] [INFO] default - Middlewares including...
[2022-07-28T00:19:31.279] [INFO] default - Middlewares included.
[2022-07-28T00:19:31.280] [INFO] default - Routing including...
[2022-07-28T00:19:31.280] [INFO] default - Routing included.
[2022-07-28T00:19:31.280] [INFO] default - Error middleware including...
[2022-07-28T00:19:31.281] [INFO] default - Error middleware included.
[2022-07-28T00:19:31.281] [INFO] default - Success load Application.
[2022-07-28T00:19:31.284] [INFO] default - Server is working on http://localhost:5000
[2022-07-28T00:19:31.285] [INFO] default - Database is working on mongodb://127.0.0.1:27017/auth
[2022-07-28T00:19:35.188] [INFO] default - Checking for validation errors...
[2022-07-28T00:19:35.188] [INFO] default - Getting data from request...
[2022-07-28T00:19:35.189] [INFO] default - Data are: chakachakovich@gmail.com , 0000.
[2022-07-28T00:19:35.189] [INFO] default - Registration new user...
[2022-07-28T00:19:35.189] [INFO] default - Checking for already exist user...
[2022-07-28T00:19:35.556] [INFO] default - User not found - creating new.
[2022-07-28T00:19:35.556] [INFO] default - Hashing password...
[2022-07-28T00:19:35.595] [INFO] default - Hash password is: $2a$04$h5R1x2JDA9eek2/VIO0ypO1K4pFB7JIv27Z6wbi2F29DsE/CUZJwK
[2022-07-28T00:19:35.595] [INFO] default - Generating new activationLink...
[2022-07-28T00:19:35.595] [INFO] default - Error on registration in User service!
[2022-07-28T00:19:35.595] [INFO] default - TypeError: Cannot read properties of undefined (reading 'v4')
    at userService.<anonymous> (B:\Projects\auth-ts\dist\server\services\userService.js:59:55)
    at Generator.next (<anonymous>)
    at fulfilled (B:\Projects\auth-ts\dist\server\services\userService.js:5:58)
    at processTicksAndRejections (node:internal/process/task_queues:96:5)
[2022-07-28T00:19:35.597] [ERROR] default - AuthError: Error on registration!
    at Function.badRequest (B:\Projects\auth-ts\dist\server\exceptions\authError.js:13:16)
    at B:\Projects\auth-ts\dist\server\controllers\userController.js:53:53
    at Generator.next (<anonymous>)
    at fulfilled (B:\Projects\auth-ts\dist\server\controllers\userController.js:5:58)
    at processTicksAndRejections (node:internal/process/task_queues:96:5) {
  status: 400,
  errors: []
}
[2022-07-28T00:19:35.597] [ERROR] default - AuthError: Error on registration!
    at Function.badRequest (B:\Projects\auth-ts\dist\server\exceptions\authError.js:13:16)
    at B:\Projects\auth-ts\dist\server\controllers\userController.js:53:53
    at Generator.next (<anonymous>)
    at fulfilled (B:\Projects\auth-ts\dist\server\controllers\userController.js:5:58)
    at processTicksAndRejections (node:internal/process/task_queues:96:5) {
  status: 400,
  errors: []
}
[2022-07-28T17:36:56.274] [INFO] default - Loading Application...
[2022-07-28T17:36:56.275] [INFO] default - Database connecting...
[2022-07-28T17:36:56.285] [INFO] default - Database connected.
[2022-07-28T17:36:56.285] [INFO] default - Middlewares including...
[2022-07-28T17:36:56.286] [INFO] default - Middlewares included.
[2022-07-28T17:36:56.287] [INFO] default - Routing including...
[2022-07-28T17:36:56.287] [INFO] default - Routing included.
[2022-07-28T17:36:56.287] [INFO] default - Error middleware including...
[2022-07-28T17:36:56.287] [INFO] default - Error middleware included.
[2022-07-28T17:36:56.288] [INFO] default - Success load Application.
[2022-07-28T17:36:56.291] [INFO] default - Server is working on http://localhost:5000
[2022-07-28T17:36:56.291] [INFO] default - Database is working on mongodb://127.0.0.1:27017/auth
[2022-07-28T17:38:59.835] [INFO] default - Loading Application...
[2022-07-28T17:38:59.837] [INFO] default - Database connecting...
[2022-07-28T17:38:59.846] [INFO] default - Database connected.
[2022-07-28T17:38:59.847] [INFO] default - Middlewares including...
[2022-07-28T17:38:59.848] [INFO] default - Middlewares included.
[2022-07-28T17:38:59.848] [INFO] default - Routing including...
[2022-07-28T17:38:59.848] [INFO] default - Routing included.
[2022-07-28T17:38:59.848] [INFO] default - Error middleware including...
[2022-07-28T17:38:59.849] [INFO] default - Error middleware included.
[2022-07-28T17:38:59.849] [INFO] default - Success load Application.
[2022-07-28T17:38:59.852] [INFO] default - Server is working on http://localhost:5000
[2022-07-28T17:38:59.853] [INFO] default - Database is working on mongodb://127.0.0.1:27017/auth
[2022-07-28T17:39:12.755] [INFO] default - Checking for validation errors...
[2022-07-28T17:39:12.756] [INFO] default - Getting data from request...
[2022-07-28T17:39:12.756] [INFO] default - Data are: chakachakovich@gmail.com , 0000.
[2022-07-28T17:39:12.756] [INFO] default - Registration new user...
[2022-07-28T17:39:12.757] [INFO] default - Checking for already exist user...
[2022-07-28T17:39:12.995] [INFO] default - User not found - creating new.
[2022-07-28T17:39:12.995] [INFO] default - Hashing password...
[2022-07-28T17:39:13.011] [INFO] default - Hash password is: $2a$04$2TQacXJzvGLODBBnoglW1.WfR8x/oKCNo81d57sDMSG18pk576gmW
[2022-07-28T17:39:13.011] [INFO] default - Generating new activationLink...
[2022-07-28T17:39:13.011] [INFO] default - Error on registration in User service!
[2022-07-28T17:39:13.011] [INFO] default - TypeError: Cannot read properties of undefined (reading 'v4')
    at userService.<anonymous> (B:\Projects\auth-ts\src\server\services\userService.ts:54:61)
    at Generator.next (<anonymous>)
    at fulfilled (B:\Projects\auth-ts\src\server\services\userService.ts:5:58)
    at processTicksAndRejections (node:internal/process/task_queues:96:5)
[2022-07-28T17:39:13.018] [ERROR] default - AuthError: Error on registration!
    at Function.badRequest (B:\Projects\auth-ts\src\server\exceptions\authError.ts:24:16)
    at B:\Projects\auth-ts\src\server\controllers\userController.ts:47:39
    at Generator.next (<anonymous>)
    at fulfilled (B:\Projects\auth-ts\src\server\controllers\userController.ts:5:58)
    at processTicksAndRejections (node:internal/process/task_queues:96:5) {
  status: 400,
  errors: []
}
[2022-07-28T17:39:13.020] [ERROR] default - AuthError: Error on registration!
    at Function.badRequest (B:\Projects\auth-ts\src\server\exceptions\authError.ts:24:16)
    at B:\Projects\auth-ts\src\server\controllers\userController.ts:47:39
    at Generator.next (<anonymous>)
    at fulfilled (B:\Projects\auth-ts\src\server\controllers\userController.ts:5:58)
    at processTicksAndRejections (node:internal/process/task_queues:96:5) {
  status: 400,
  errors: []
}
[2022-07-28T17:46:40.500] [INFO] default - Loading Application...
[2022-07-28T17:46:40.502] [INFO] default - Database connecting...
[2022-07-28T17:46:40.512] [INFO] default - Database connected.
[2022-07-28T17:46:40.512] [INFO] default - Middlewares including...
[2022-07-28T17:46:40.513] [INFO] default - Middlewares included.
[2022-07-28T17:46:40.513] [INFO] default - Routing including...
[2022-07-28T17:46:40.514] [INFO] default - Routing included.
[2022-07-28T17:46:40.514] [INFO] default - Error middleware including...
[2022-07-28T17:46:40.514] [INFO] default - Error middleware included.
[2022-07-28T17:46:40.514] [INFO] default - Success load Application.
[2022-07-28T17:46:40.517] [INFO] default - Server is working on http://localhost:5000
[2022-07-28T17:46:40.518] [INFO] default - Database is working on mongodb://127.0.0.1:27017/auth
[2022-07-28T18:22:10.974] [INFO] default - Loading Application...
[2022-07-28T18:22:10.975] [INFO] default - Database connecting...
[2022-07-28T18:22:11.021] [INFO] default - Database connected.
[2022-07-28T18:22:11.022] [INFO] default - Middlewares including...
[2022-07-28T18:22:11.023] [INFO] default - Middlewares included.
[2022-07-28T18:22:11.023] [INFO] default - Routing including...
[2022-07-28T18:22:11.023] [INFO] default - Routing included.
[2022-07-28T18:22:11.024] [INFO] default - Error middleware including...
[2022-07-28T18:22:11.024] [INFO] default - Error middleware included.
[2022-07-28T18:22:11.024] [INFO] default - Success load Application.
[2022-07-28T18:22:11.083] [INFO] default - Server is working on http://localhost:5000
[2022-07-28T18:22:11.083] [INFO] default - Database is working on mongodb://127.0.0.1:27017/auth
[2022-07-28T18:23:37.288] [INFO] default - Loading Application...
[2022-07-28T18:23:37.289] [INFO] default - Database connecting...
[2022-07-28T18:23:37.301] [INFO] default - Database connected.
[2022-07-28T18:23:37.302] [INFO] default - Middlewares including...
[2022-07-28T18:23:37.303] [INFO] default - Middlewares included.
[2022-07-28T18:23:37.303] [INFO] default - Routing including...
[2022-07-28T18:23:37.303] [INFO] default - Routing included.
[2022-07-28T18:23:37.303] [INFO] default - Error middleware including...
[2022-07-28T18:23:37.304] [INFO] default - Error middleware included.
[2022-07-28T18:23:37.304] [INFO] default - Success load Application.
[2022-07-28T18:23:37.307] [INFO] default - Server is working on http://localhost:5000
[2022-07-28T18:23:37.308] [INFO] default - Database is working on mongodb://127.0.0.1:27017/auth
[2022-07-28T18:23:47.655] [INFO] default - Loading Application...
[2022-07-28T18:23:47.656] [INFO] default - Database connecting...
[2022-07-28T18:23:47.667] [INFO] default - Database connected.
[2022-07-28T18:23:47.668] [INFO] default - Middlewares including...
[2022-07-28T18:23:47.668] [INFO] default - Middlewares included.
[2022-07-28T18:23:47.669] [INFO] default - Routing including...
[2022-07-28T18:23:47.669] [INFO] default - Routing included.
[2022-07-28T18:23:47.669] [INFO] default - Error middleware including...
[2022-07-28T18:23:47.670] [INFO] default - Error middleware included.
[2022-07-28T18:23:47.670] [INFO] default - Success load Application.
[2022-07-28T18:23:47.673] [INFO] default - Server is working on http://localhost:5000
[2022-07-28T18:23:47.673] [INFO] default - Database is working on mongodb://127.0.0.1:27017/auth
[2022-07-28T18:23:54.063] [INFO] default - Checking for validation errors...
[2022-07-28T18:23:54.064] [INFO] default - Getting data from request...
[2022-07-28T18:23:54.064] [INFO] default - Data are: chakachakovich@gmail.com , 0000.
[2022-07-28T18:23:54.064] [INFO] default - Registration new user...
[2022-07-28T18:23:54.064] [INFO] default - Checking for already exist user...
[2022-07-28T18:23:54.170] [INFO] default - User not found - creating new.
[2022-07-28T18:23:54.170] [INFO] default - Hashing password...
[2022-07-28T18:23:54.439] [INFO] default - Hash password is: $2a$04$y6ogVRqlUMKNxKwyal8R.es5aSC2l/0VHj2zVMVKsiCMIBhxdsMv2
[2022-07-28T18:23:54.439] [INFO] default - Generating new activationLink...
[2022-07-28T18:23:54.440] [INFO] default - Activation link is: b0270db3-dfe9-4d16-8487-a85cfcd19796
[2022-07-28T18:23:54.440] [INFO] default - Adding new user to DB...
[2022-07-28T18:23:55.146] [INFO] default - New user is: {
  email: 'chakachakovich@gmail.com',
  password: '$2a$04$y6ogVRqlUMKNxKwyal8R.es5aSC2l/0VHj2zVMVKsiCMIBhxdsMv2',
  role: 'User',
  isActivated: false,
  activationLink: 'b0270db3-dfe9-4d16-8487-a85cfcd19796',
  createDate: '28.07.2022, 18:23',
  _id: new ObjectId("62e2aa0a87e91cbdc2c41c93")
}
[2022-07-28T18:23:55.146] [INFO] default - Sending message to email...
[2022-07-28T18:23:55.147] [INFO] default - Sending email...
[2022-07-28T18:23:55.190] [INFO] default - Creating Dto for user...
[2022-07-28T18:23:55.190] [INFO] default - Generating new tokens...
[2022-07-28T18:23:55.191] [INFO] default - Generating access Token...
[2022-07-28T18:23:55.281] [INFO] default - Access Token is: eyJhbGciOiJIUzI1NiIsInR5cCI6IkpXVCJ9.eyJlbWFpbCI6ImNoYWthY2hha292aWNoQGdtYWlsLmNvbSIsImlkIjoiNjJlMmFhMGE4N2U5MWNiZGMyYzQxYzkzIiwiaXNBY3RpdmF0ZWQiOmZhbHNlLCJpYXQiOjE2NTkwMjE4MzUsImV4cCI6MTY1OTAyMzYzNX0.-ApVkFEkQN2CwueM9dJJAZHoSqwpBJWp8nQINWKX_LQ
[2022-07-28T18:23:55.281] [INFO] default - Generating refresh Token...
[2022-07-28T18:23:55.282] [INFO] default - Refresh Token is: eyJhbGciOiJIUzI1NiIsInR5cCI6IkpXVCJ9.eyJlbWFpbCI6ImNoYWthY2hha292aWNoQGdtYWlsLmNvbSIsImlkIjoiNjJlMmFhMGE4N2U5MWNiZGMyYzQxYzkzIiwiaXNBY3RpdmF0ZWQiOmZhbHNlLCJpYXQiOjE2NTkwMjE4MzUsImV4cCI6MTY1OTYyNjYzNX0.TL_UK6YxNbNBKKkmOd1adOdZ_VdVaaU8PWrQbG-PDJg
[2022-07-28T18:23:55.282] [INFO] default - Saving or update refresh token...
[2022-07-28T18:23:55.283] [INFO] default - Searching already exist refreshToken...
[2022-07-28T18:23:55.444] [INFO] default - Generating new refresh Token...
[2022-07-28T18:23:55.516] [INFO] default - Generated new refresh Token.
[2022-07-28T18:23:55.516] [INFO] default - Sending info and tokens...
[2022-07-28T18:23:55.516] [INFO] default - New user is created.
[2022-07-28T18:23:57.791] [INFO] default - Email has been sent successfully!
[2022-07-28T18:25:45.764] [INFO] default - Activation user by email...
[2022-07-28T18:25:48.842] [INFO] default - Activation user success.
[2022-07-28T18:27:12.282] [INFO] default - Checking for validation errors...
[2022-07-28T18:27:12.282] [INFO] default - Getting data from request...
[2022-07-28T18:27:12.282] [INFO] default - Data are: chakachakovich@gmail.com , 0000.
[2022-07-28T18:27:12.282] [INFO] default - Login user...
[2022-07-28T18:27:12.282] [INFO] default - Checking for already exist user...
[2022-07-28T18:27:12.285] [INFO] default - Rehashing password...
[2022-07-28T18:27:12.287] [INFO] default - Password equal: true
[2022-07-28T18:27:12.288] [INFO] default - Creating Dto for user...
[2022-07-28T18:27:12.288] [INFO] default - User Dto created: [object Object]
[2022-07-28T18:27:12.288] [INFO] default - Generating new tokens...
[2022-07-28T18:27:12.288] [INFO] default - Generating access Token...
[2022-07-28T18:27:12.289] [INFO] default - Access Token is: eyJhbGciOiJIUzI1NiIsInR5cCI6IkpXVCJ9.eyJlbWFpbCI6ImNoYWthY2hha292aWNoQGdtYWlsLmNvbSIsImlkIjoiNjJlMmFhMGE4N2U5MWNiZGMyYzQxYzkzIiwiaXNBY3RpdmF0ZWQiOnRydWUsImlhdCI6MTY1OTAyMjAzMiwiZXhwIjoxNjU5MDIzODMyfQ.GsBYwMIh_HRhEl1ZE3sB5JmaNg7Qc5_6g9IlhyuNHrw
[2022-07-28T18:27:12.289] [INFO] default - Generating refresh Token...
[2022-07-28T18:27:12.290] [INFO] default - Refresh Token is: eyJhbGciOiJIUzI1NiIsInR5cCI6IkpXVCJ9.eyJlbWFpbCI6ImNoYWthY2hha292aWNoQGdtYWlsLmNvbSIsImlkIjoiNjJlMmFhMGE4N2U5MWNiZGMyYzQxYzkzIiwiaXNBY3RpdmF0ZWQiOnRydWUsImlhdCI6MTY1OTAyMjAzMiwiZXhwIjoxNjU5NjI2ODMyfQ.BL_RGmQB27lVQLiS2D6LJjaZ_79-C0ygm03kXNvrZ-U
[2022-07-28T18:27:12.290] [INFO] default - Saving or update refresh token...
[2022-07-28T18:27:12.290] [INFO] default - Searching already exist refreshToken...
[2022-07-28T18:27:12.292] [INFO] default - refreshToken found.
[2022-07-28T18:27:12.312] [INFO] default - Sending info and tokens...
[2022-07-28T18:27:12.312] [INFO] default - Success auth login.
[2022-07-28T18:29:15.346] [INFO] default - Loading Application...
[2022-07-28T18:29:15.348] [INFO] default - Database connecting...
[2022-07-28T18:29:15.383] [INFO] default - Database connected.
[2022-07-28T18:29:15.383] [INFO] default - Middlewares including...
[2022-07-28T18:29:15.384] [INFO] default - Middlewares included.
[2022-07-28T18:29:15.385] [INFO] default - Routing including...
[2022-07-28T18:29:15.385] [INFO] default - Routing included.
[2022-07-28T18:29:15.385] [INFO] default - Error middleware including...
[2022-07-28T18:29:15.385] [INFO] default - Error middleware included.
[2022-07-28T18:29:15.386] [INFO] default - Success load Application.
[2022-07-28T18:29:15.400] [INFO] default - Server is working on http://localhost:5000
[2022-07-28T18:29:15.400] [INFO] default - Database is working on mongodb://127.0.0.1:27017/auth
[2022-07-28T18:29:34.205] [INFO] default - Checking for validation errors...
[2022-07-28T18:29:34.206] [INFO] default - Getting data from request...
[2022-07-28T18:29:34.206] [INFO] default - Data are: chakachakovich@gmail.com , 0000.
[2022-07-28T18:29:34.206] [INFO] default - Registration new user...
[2022-07-28T18:29:34.207] [INFO] default - Checking for already exist user...
[2022-07-28T18:29:34.213] [INFO] default - User not found - creating new.
[2022-07-28T18:29:34.213] [INFO] default - Hashing password...
[2022-07-28T18:29:34.230] [INFO] default - Hash password is: $2a$04$pNjWdtoC1EomKLPpqzGXOe/eWLKTR1hE9.ShMSxaji4Gxwfw3pED.
[2022-07-28T18:29:34.230] [INFO] default - Generating new activationLink...
[2022-07-28T18:29:34.231] [INFO] default - Activation link is: 1c6f2dd2-1c27-4c03-a0cd-b5240b75bf95
[2022-07-28T18:29:34.231] [INFO] default - Adding new user to DB...
[2022-07-28T18:29:34.259] [INFO] default - New user is: {
  email: 'chakachakovich@gmail.com',
  password: '$2a$04$pNjWdtoC1EomKLPpqzGXOe/eWLKTR1hE9.ShMSxaji4Gxwfw3pED.',
  role: 'User',
  isActivated: false,
  activationLink: '1c6f2dd2-1c27-4c03-a0cd-b5240b75bf95',
  createDate: '28.07.2022, 18:29',
  _id: new ObjectId("62e2ab5e40f4a606f4b7bac4")
}
[2022-07-28T18:29:34.260] [INFO] default - Sending message to email...
[2022-07-28T18:29:34.260] [INFO] default - Sending email...
[2022-07-28T18:29:34.282] [INFO] default - Creating Dto for user...
[2022-07-28T18:29:34.282] [INFO] default - Generating new tokens...
[2022-07-28T18:29:34.283] [INFO] default - Generating access Token...
[2022-07-28T18:29:34.291] [INFO] default - Access Token is: eyJhbGciOiJIUzI1NiIsInR5cCI6IkpXVCJ9.eyJlbWFpbCI6ImNoYWthY2hha292aWNoQGdtYWlsLmNvbSIsImlkIjoiNjJlMmFiNWU0MGY0YTYwNmY0YjdiYWM0IiwiaXNBY3RpdmF0ZWQiOmZhbHNlLCJpYXQiOjE2NTkwMjIxNzQsImV4cCI6MTY1OTAyMzk3NH0.O_fJl5i8ioNP22MKPd1b2qZI32FtdkEwAAkJ05Bw4-s
[2022-07-28T18:29:34.291] [INFO] default - Generating refresh Token...
[2022-07-28T18:29:34.292] [INFO] default - Refresh Token is: eyJhbGciOiJIUzI1NiIsInR5cCI6IkpXVCJ9.eyJlbWFpbCI6ImNoYWthY2hha292aWNoQGdtYWlsLmNvbSIsImlkIjoiNjJlMmFiNWU0MGY0YTYwNmY0YjdiYWM0IiwiaXNBY3RpdmF0ZWQiOmZhbHNlLCJpYXQiOjE2NTkwMjIxNzQsImV4cCI6MTY1OTYyNjk3NH0.r61Mq1rP7rw81qokqhshupXdDA8_OzZ0PLTCVOdemgI
[2022-07-28T18:29:34.292] [INFO] default - Saving or update refresh token...
[2022-07-28T18:29:34.293] [INFO] default - Searching already exist refreshToken...
[2022-07-28T18:29:34.331] [INFO] default - Generating new refresh Token...
[2022-07-28T18:29:34.334] [INFO] default - Generated new refresh Token.
[2022-07-28T18:29:34.334] [INFO] default - Sending info and tokens...
[2022-07-28T18:29:34.334] [INFO] default - New user is created.
[2022-07-28T18:29:36.338] [INFO] default - Email has been sent successfully!
[2022-07-28T18:29:40.193] [INFO] default - Checking for validation errors...
[2022-07-28T18:29:40.193] [INFO] default - Getting data from request...
[2022-07-28T18:29:40.193] [INFO] default - Data are: chakachakovich@gmail.com , 0000.
[2022-07-28T18:29:40.194] [INFO] default - Login user...
[2022-07-28T18:29:40.194] [INFO] default - Checking for already exist user...
[2022-07-28T18:29:40.197] [INFO] default - Rehashing password...
[2022-07-28T18:29:40.199] [INFO] default - Password equal: true
[2022-07-28T18:29:40.199] [INFO] default - Creating Dto for user...
[2022-07-28T18:29:40.199] [INFO] default - User Dto created: [object Object]
[2022-07-28T18:29:40.199] [INFO] default - Generating new tokens...
[2022-07-28T18:29:40.199] [INFO] default - Generating access Token...
[2022-07-28T18:29:40.200] [INFO] default - Access Token is: eyJhbGciOiJIUzI1NiIsInR5cCI6IkpXVCJ9.eyJlbWFpbCI6ImNoYWthY2hha292aWNoQGdtYWlsLmNvbSIsImlkIjoiNjJlMmFiNWU0MGY0YTYwNmY0YjdiYWM0IiwiaXNBY3RpdmF0ZWQiOmZhbHNlLCJpYXQiOjE2NTkwMjIxODAsImV4cCI6MTY1OTAyMzk4MH0.E8MWJZ8lSdYYgN__NCDc6ruhwZPzdJk0i6Ud1TfPA8U
[2022-07-28T18:29:40.200] [INFO] default - Generating refresh Token...
[2022-07-28T18:29:40.200] [INFO] default - Refresh Token is: eyJhbGciOiJIUzI1NiIsInR5cCI6IkpXVCJ9.eyJlbWFpbCI6ImNoYWthY2hha292aWNoQGdtYWlsLmNvbSIsImlkIjoiNjJlMmFiNWU0MGY0YTYwNmY0YjdiYWM0IiwiaXNBY3RpdmF0ZWQiOmZhbHNlLCJpYXQiOjE2NTkwMjIxODAsImV4cCI6MTY1OTYyNjk4MH0.wsTnaFNlMMnMlxuLHi9qX-2644r34aPdGcv9v2w6rRg
[2022-07-28T18:29:40.200] [INFO] default - Saving or update refresh token...
[2022-07-28T18:29:40.200] [INFO] default - Searching already exist refreshToken...
[2022-07-28T18:29:40.204] [INFO] default - refreshToken found.
[2022-07-28T18:29:40.208] [INFO] default - Sending info and tokens...
[2022-07-28T18:29:40.208] [INFO] default - Success auth login.
[2022-07-28T18:30:37.735] [INFO] default - Logout process...
[2022-07-28T18:30:37.735] [INFO] default - Deleting token...
[2022-07-28T18:30:37.736] [INFO] default - Removing Token from DB...
[2022-07-28T18:30:37.739] [INFO] default - Success removing Token from DB.
[2022-07-28T18:30:37.739] [INFO] default - Success deleting token.
[2022-07-28T18:30:37.739] [INFO] default - { acknowledged: true, deletedCount: 1 }
[2022-07-28T18:30:37.740] [INFO] default - Success logout.
[2022-07-28T18:30:53.822] [INFO] default - Checking for validation errors...
[2022-07-28T18:30:53.823] [INFO] default - Getting data from request...
[2022-07-28T18:30:53.823] [INFO] default - Data are: chakachakovich@gmail.com , 0000.
[2022-07-28T18:30:53.823] [INFO] default - Login user...
[2022-07-28T18:30:53.823] [INFO] default - Checking for already exist user...
[2022-07-28T18:30:53.825] [INFO] default - Rehashing password...
[2022-07-28T18:30:53.827] [INFO] default - Password equal: true
[2022-07-28T18:30:53.827] [INFO] default - Creating Dto for user...
[2022-07-28T18:30:53.827] [INFO] default - User Dto created: [object Object]
[2022-07-28T18:30:53.827] [INFO] default - Generating new tokens...
[2022-07-28T18:30:53.828] [INFO] default - Generating access Token...
[2022-07-28T18:30:53.828] [INFO] default - Access Token is: eyJhbGciOiJIUzI1NiIsInR5cCI6IkpXVCJ9.eyJlbWFpbCI6ImNoYWthY2hha292aWNoQGdtYWlsLmNvbSIsImlkIjoiNjJlMmFiNWU0MGY0YTYwNmY0YjdiYWM0IiwiaXNBY3RpdmF0ZWQiOmZhbHNlLCJpYXQiOjE2NTkwMjIyNTMsImV4cCI6MTY1OTAyNDA1M30.wOiHdZKJez229pvOdXjogan1bCsxSnTW8iIDmJx8NvM
[2022-07-28T18:30:53.828] [INFO] default - Generating refresh Token...
[2022-07-28T18:30:53.828] [INFO] default - Refresh Token is: eyJhbGciOiJIUzI1NiIsInR5cCI6IkpXVCJ9.eyJlbWFpbCI6ImNoYWthY2hha292aWNoQGdtYWlsLmNvbSIsImlkIjoiNjJlMmFiNWU0MGY0YTYwNmY0YjdiYWM0IiwiaXNBY3RpdmF0ZWQiOmZhbHNlLCJpYXQiOjE2NTkwMjIyNTMsImV4cCI6MTY1OTYyNzA1M30.PVxmdTutiFhWH7OUo7NXGyAx0hyuSJld1qYhjb8sLVw
[2022-07-28T18:30:53.829] [INFO] default - Saving or update refresh token...
[2022-07-28T18:30:53.829] [INFO] default - Searching already exist refreshToken...
[2022-07-28T18:30:53.831] [INFO] default - Generating new refresh Token...
[2022-07-28T18:30:53.833] [INFO] default - Generated new refresh Token.
[2022-07-28T18:30:53.834] [INFO] default - Sending info and tokens...
[2022-07-28T18:30:53.834] [INFO] default - Success auth login.
[2022-07-28T18:31:03.141] [ERROR] default - AuthError: User not authorized
    at Function.unauthorizedError (B:\Projects\auth-ts\src\server\exceptions\authError.ts:18:16)
    at authHandler (B:\Projects\auth-ts\src\server\middleware\authMiddleware.ts:20:35)
    at Layer.handle [as handle_request] (B:\Projects\auth-ts\node_modules\express\lib\router\layer.js:95:5)
    at next (B:\Projects\auth-ts\node_modules\express\lib\router\route.js:144:13)
    at Route.dispatch (B:\Projects\auth-ts\node_modules\express\lib\router\route.js:114:3)
    at Layer.handle [as handle_request] (B:\Projects\auth-ts\node_modules\express\lib\router\layer.js:95:5)
    at B:\Projects\auth-ts\node_modules\express\lib\router\index.js:284:15
    at Function.process_params (B:\Projects\auth-ts\node_modules\express\lib\router\index.js:346:12)
    at next (B:\Projects\auth-ts\node_modules\express\lib\router\index.js:280:10)
    at Function.handle (B:\Projects\auth-ts\node_modules\express\lib\router\index.js:175:3) {
  status: 401,
  errors: []
}
[2022-07-28T18:31:03.223] [ERROR] default - AuthError: User not authorized
    at Function.unauthorizedError (B:\Projects\auth-ts\src\server\exceptions\authError.ts:18:16)
    at authHandler (B:\Projects\auth-ts\src\server\middleware\authMiddleware.ts:20:35)
    at Layer.handle [as handle_request] (B:\Projects\auth-ts\node_modules\express\lib\router\layer.js:95:5)
    at next (B:\Projects\auth-ts\node_modules\express\lib\router\route.js:144:13)
    at Route.dispatch (B:\Projects\auth-ts\node_modules\express\lib\router\route.js:114:3)
    at Layer.handle [as handle_request] (B:\Projects\auth-ts\node_modules\express\lib\router\layer.js:95:5)
    at B:\Projects\auth-ts\node_modules\express\lib\router\index.js:284:15
    at Function.process_params (B:\Projects\auth-ts\node_modules\express\lib\router\index.js:346:12)
    at next (B:\Projects\auth-ts\node_modules\express\lib\router\index.js:280:10)
    at Function.handle (B:\Projects\auth-ts\node_modules\express\lib\router\index.js:175:3) {
  status: 401,
  errors: []
}
[2022-07-28T18:31:34.912] [INFO] default - Logout process...
[2022-07-28T18:31:34.912] [INFO] default - Deleting token...
[2022-07-28T18:31:34.912] [INFO] default - Removing Token from DB...
[2022-07-28T18:31:34.914] [INFO] default - Success removing Token from DB.
[2022-07-28T18:31:34.914] [INFO] default - Success deleting token.
[2022-07-28T18:31:34.915] [INFO] default - { acknowledged: true, deletedCount: 1 }
[2022-07-28T18:31:34.916] [INFO] default - Success logout.
[2022-07-28T18:31:40.014] [INFO] default - Checking for validation errors...
[2022-07-28T18:31:40.015] [INFO] default - Getting data from request...
[2022-07-28T18:31:40.015] [INFO] default - Data are: chakachakovich@gmail.com , 0000.
[2022-07-28T18:31:40.015] [INFO] default - Login user...
[2022-07-28T18:31:40.016] [INFO] default - Checking for already exist user...
[2022-07-28T18:31:40.019] [INFO] default - Rehashing password...
[2022-07-28T18:31:40.020] [INFO] default - Password equal: true
[2022-07-28T18:31:40.020] [INFO] default - Creating Dto for user...
[2022-07-28T18:31:40.021] [INFO] default - User Dto created: [object Object]
[2022-07-28T18:31:40.021] [INFO] default - Generating new tokens...
[2022-07-28T18:31:40.021] [INFO] default - Generating access Token...
[2022-07-28T18:31:40.021] [INFO] default - Access Token is: eyJhbGciOiJIUzI1NiIsInR5cCI6IkpXVCJ9.eyJlbWFpbCI6ImNoYWthY2hha292aWNoQGdtYWlsLmNvbSIsImlkIjoiNjJlMmFiNWU0MGY0YTYwNmY0YjdiYWM0IiwiaXNBY3RpdmF0ZWQiOmZhbHNlLCJpYXQiOjE2NTkwMjIzMDAsImV4cCI6MTY1OTAyNDEwMH0.fA5h5VzUBP1gNmRjshpN1jFXZIQmO_5uB5T9Pto_LVI
[2022-07-28T18:31:40.021] [INFO] default - Generating refresh Token...
[2022-07-28T18:31:40.022] [INFO] default - Refresh Token is: eyJhbGciOiJIUzI1NiIsInR5cCI6IkpXVCJ9.eyJlbWFpbCI6ImNoYWthY2hha292aWNoQGdtYWlsLmNvbSIsImlkIjoiNjJlMmFiNWU0MGY0YTYwNmY0YjdiYWM0IiwiaXNBY3RpdmF0ZWQiOmZhbHNlLCJpYXQiOjE2NTkwMjIzMDAsImV4cCI6MTY1OTYyNzEwMH0.c4v0Q0UngbASOYUg8FILCctwjy-b0LvHs9xqoklnMnA
[2022-07-28T18:31:40.022] [INFO] default - Saving or update refresh token...
[2022-07-28T18:31:40.022] [INFO] default - Searching already exist refreshToken...
[2022-07-28T18:31:40.024] [INFO] default - Generating new refresh Token...
[2022-07-28T18:31:40.034] [INFO] default - Generated new refresh Token.
[2022-07-28T18:31:40.035] [INFO] default - Sending info and tokens...
[2022-07-28T18:31:40.035] [INFO] default - Success auth login.
[2022-07-28T18:34:53.989] [INFO] default - Loading Application...
[2022-07-28T18:34:53.990] [INFO] default - Database connecting...
[2022-07-28T18:34:54.001] [INFO] default - Database connected.
[2022-07-28T18:34:54.001] [INFO] default - Middlewares including...
[2022-07-28T18:34:54.002] [INFO] default - Middlewares included.
[2022-07-28T18:34:54.003] [INFO] default - Routing including...
[2022-07-28T18:34:54.003] [INFO] default - Routing included.
[2022-07-28T18:34:54.003] [INFO] default - Error middleware including...
[2022-07-28T18:34:54.003] [INFO] default - Error middleware included.
[2022-07-28T18:34:54.003] [INFO] default - Success load Application.
[2022-07-28T18:34:54.006] [INFO] default - Server is working on http://localhost:5000
[2022-07-28T18:34:54.007] [INFO] default - Database is working on mongodb://127.0.0.1:27017/auth
[2022-07-28T18:35:22.843] [INFO] default - Checking for validation errors...
[2022-07-28T18:35:22.844] [INFO] default - Getting data from request...
[2022-07-28T18:35:22.844] [INFO] default - Data are: chakachakovich@gmail.com , 0000.
[2022-07-28T18:35:22.844] [INFO] default - Login user...
[2022-07-28T18:35:22.845] [INFO] default - Checking for already exist user...
[2022-07-28T18:35:22.853] [INFO] default - Rehashing password...
[2022-07-28T18:35:22.870] [INFO] default - Password equal: true
[2022-07-28T18:35:22.870] [INFO] default - Creating Dto for user...
[2022-07-28T18:35:22.870] [INFO] default - User Dto created: [object Object]
[2022-07-28T18:35:22.870] [INFO] default - Generating new tokens...
[2022-07-28T18:35:22.871] [INFO] default - Generating access Token...
[2022-07-28T18:35:22.873] [INFO] default - Access Token is: eyJhbGciOiJIUzI1NiIsInR5cCI6IkpXVCJ9.eyJlbWFpbCI6ImNoYWthY2hha292aWNoQGdtYWlsLmNvbSIsImlkIjoiNjJlMmFiNWU0MGY0YTYwNmY0YjdiYWM0IiwiaXNBY3RpdmF0ZWQiOmZhbHNlLCJpYXQiOjE2NTkwMjI1MjIsImV4cCI6MTY1OTAyNDMyMn0.2o8iYg40Oz2380gv8dr4neHtflB9ZRW9HiEYpfO5oh8
[2022-07-28T18:35:22.873] [INFO] default - Generating refresh Token...
[2022-07-28T18:35:22.873] [INFO] default - Refresh Token is: eyJhbGciOiJIUzI1NiIsInR5cCI6IkpXVCJ9.eyJlbWFpbCI6ImNoYWthY2hha292aWNoQGdtYWlsLmNvbSIsImlkIjoiNjJlMmFiNWU0MGY0YTYwNmY0YjdiYWM0IiwiaXNBY3RpdmF0ZWQiOmZhbHNlLCJpYXQiOjE2NTkwMjI1MjIsImV4cCI6MTY1OTYyNzMyMn0.xnwRvqoVPjMdwky8x97Ygi2z8C-WCvM3pYNOqx_QRBU
[2022-07-28T18:35:22.874] [INFO] default - Saving or update refresh token...
[2022-07-28T18:35:22.874] [INFO] default - Searching already exist refreshToken...
[2022-07-28T18:35:22.876] [INFO] default - refreshToken found.
[2022-07-28T18:35:22.883] [INFO] default - Sending info and tokens...
[2022-07-28T18:35:22.884] [INFO] default - Success auth login.
[2022-07-28T18:35:39.108] [INFO] default - Validating Access Token...
[2022-07-28T18:35:39.109] [INFO] default - Validating Access Token success.
[2022-07-28T18:35:39.110] [INFO] default - Getting all users...
[2022-07-28T18:35:39.110] [INFO] default - Taking data from DB...
[2022-07-28T18:35:39.113] [INFO] default - Success got data form DB
[2022-07-28T18:35:39.113] [INFO] default - Got all users.
[2022-07-28T18:37:20.025] [INFO] default - Loading Application...
[2022-07-28T18:37:20.026] [INFO] default - Database connecting...
[2022-07-28T18:37:20.036] [INFO] default - Database connected.
[2022-07-28T18:37:20.037] [INFO] default - Middlewares including...
[2022-07-28T18:37:20.037] [INFO] default - Middlewares included.
[2022-07-28T18:37:20.038] [INFO] default - Routing including...
[2022-07-28T18:37:20.038] [INFO] default - Routing included.
[2022-07-28T18:37:20.038] [INFO] default - Error middleware including...
[2022-07-28T18:37:20.039] [INFO] default - Error middleware included.
[2022-07-28T18:37:20.039] [INFO] default - Success load Application.
[2022-07-28T18:37:20.042] [INFO] default - Server is working on http://localhost:5000
[2022-07-28T18:37:20.042] [INFO] default - Database is working on mongodb://127.0.0.1:27017/auth
[2022-07-28T18:37:44.575] [INFO] default - Loading Application...
[2022-07-28T18:37:44.576] [INFO] default - Database connecting...
[2022-07-28T18:37:44.587] [INFO] default - Database connected.
[2022-07-28T18:37:44.588] [INFO] default - Middlewares including...
[2022-07-28T18:37:44.589] [INFO] default - Middlewares included.
[2022-07-28T18:37:44.589] [INFO] default - Routing including...
[2022-07-28T18:37:44.589] [INFO] default - Routing included.
[2022-07-28T18:37:44.590] [INFO] default - Error middleware including...
[2022-07-28T18:37:44.590] [INFO] default - Error middleware included.
[2022-07-28T18:37:44.590] [INFO] default - Success load Application.
[2022-07-28T18:37:44.593] [INFO] default - Server is working on http://localhost:5000
[2022-07-28T18:37:44.593] [INFO] default - Database is working on mongodb://127.0.0.1:27017/auth
[2022-07-28T18:40:52.490] [INFO] default - Loading Application...
[2022-07-28T18:40:52.492] [INFO] default - Database connecting...
[2022-07-28T18:40:52.502] [INFO] default - Database connected.
[2022-07-28T18:40:52.502] [INFO] default - Middlewares including...
[2022-07-28T18:40:52.503] [INFO] default - Middlewares included.
[2022-07-28T18:40:52.503] [INFO] default - Routing including...
[2022-07-28T18:40:52.504] [INFO] default - Routing included.
[2022-07-28T18:40:52.504] [INFO] default - Error middleware including...
[2022-07-28T18:40:52.504] [INFO] default - Error middleware included.
[2022-07-28T18:40:52.505] [INFO] default - Success load Application.
[2022-07-28T18:40:52.508] [INFO] default - Server is working on http://localhost:5000
[2022-07-28T18:40:52.508] [INFO] default - Database is working on mongodb://127.0.0.1:27017/auth
[2022-07-28T18:49:07.746] [INFO] default - Loading Application...
[2022-07-28T18:49:07.747] [INFO] default - Database connecting...
[2022-07-28T18:49:07.759] [INFO] default - Database connected.
[2022-07-28T18:49:07.759] [INFO] default - Middlewares including...
[2022-07-28T18:49:07.760] [INFO] default - Middlewares included.
[2022-07-28T18:49:07.760] [INFO] default - Routing including...
[2022-07-28T18:49:07.761] [INFO] default - Routing included.
[2022-07-28T18:49:07.761] [INFO] default - Error middleware including...
[2022-07-28T18:49:07.761] [INFO] default - Error middleware included.
[2022-07-28T18:49:07.761] [INFO] default - Success load Application.
[2022-07-28T18:49:07.764] [INFO] default - Server is working on http://localhost:5000
[2022-07-28T18:49:07.765] [INFO] default - Database is working on mongodb://127.0.0.1:27017/auth
[2022-07-28T18:53:59.627] [INFO] default - Loading Application...
[2022-07-28T18:53:59.629] [INFO] default - Database connecting...
[2022-07-28T18:53:59.638] [INFO] default - Database connected.
[2022-07-28T18:53:59.639] [INFO] default - Middlewares including...
[2022-07-28T18:53:59.639] [INFO] default - Middlewares included.
[2022-07-28T18:53:59.640] [INFO] default - Routing including...
[2022-07-28T18:53:59.640] [INFO] default - Routing included.
[2022-07-28T18:53:59.640] [INFO] default - Error middleware including...
[2022-07-28T18:53:59.640] [INFO] default - Error middleware included.
[2022-07-28T18:53:59.641] [INFO] default - Success load Application.
[2022-07-28T18:53:59.644] [INFO] default - Server is working on http://localhost:5000
[2022-07-28T18:53:59.644] [INFO] default - Database is working on mongodb://127.0.0.1:27017/auth
[2022-07-28T18:55:50.534] [INFO] default - Loading Application...
[2022-07-28T18:55:50.535] [INFO] default - Database connecting...
[2022-07-28T18:55:50.545] [INFO] default - Database connected.
[2022-07-28T18:55:50.546] [INFO] default - Middlewares including...
[2022-07-28T18:55:50.547] [INFO] default - Middlewares included.
[2022-07-28T18:55:50.547] [INFO] default - Routing including...
[2022-07-28T18:55:50.547] [INFO] default - Routing included.
[2022-07-28T18:55:50.548] [INFO] default - Error middleware including...
[2022-07-28T18:55:50.548] [INFO] default - Error middleware included.
[2022-07-28T18:55:50.548] [INFO] default - Success load Application.
[2022-07-28T18:55:50.552] [INFO] default - Server is working on http://localhost:5000
[2022-07-28T18:55:50.552] [INFO] default - Database is working on mongodb://127.0.0.1:27017/auth
[2022-07-28T18:57:42.898] [INFO] default - Loading Application...
[2022-07-28T18:57:42.901] [INFO] default - Database connecting...
[2022-07-28T18:57:42.911] [INFO] default - Database connected.
[2022-07-28T18:57:42.912] [INFO] default - Middlewares including...
[2022-07-28T18:57:42.913] [INFO] default - Middlewares included.
[2022-07-28T18:57:42.913] [INFO] default - Routing including...
[2022-07-28T18:57:42.913] [INFO] default - Routing included.
[2022-07-28T18:57:42.913] [INFO] default - Error middleware including...
[2022-07-28T18:57:42.914] [INFO] default - Error middleware included.
[2022-07-28T18:57:42.914] [INFO] default - Success load Application.
[2022-07-28T18:57:42.918] [INFO] default - Server is working on http://localhost:5000
[2022-07-28T18:57:42.919] [INFO] default - Database is working on mongodb://127.0.0.1:27017/auth
[2022-07-28T19:10:39.555] [INFO] default - Loading Application...
[2022-07-28T19:10:39.556] [INFO] default - Database connecting...
[2022-07-28T19:10:39.567] [INFO] default - Database connected.
[2022-07-28T19:10:39.568] [INFO] default - Middlewares including...
[2022-07-28T19:10:39.568] [INFO] default - Middlewares included.
[2022-07-28T19:10:39.569] [INFO] default - Routing including...
[2022-07-28T19:10:39.569] [INFO] default - Routing included.
[2022-07-28T19:10:39.569] [INFO] default - Error middleware including...
[2022-07-28T19:10:39.570] [INFO] default - Error middleware included.
[2022-07-28T19:10:39.570] [INFO] default - Success load Application.
[2022-07-28T19:10:39.573] [INFO] default - Server is working on http://localhost:5000
[2022-07-28T19:10:39.573] [INFO] default - Database is working on mongodb://127.0.0.1:27017/auth
[2022-07-28T19:11:07.898] [INFO] default - Checking for validation errors...
[2022-07-28T19:11:07.898] [INFO] default - Getting data from request...
[2022-07-28T19:11:07.898] [INFO] default - Data are: chakachakovich@gmail.com , 0000.
[2022-07-28T19:11:07.899] [INFO] default - Registration new user...
[2022-07-28T19:11:07.899] [INFO] default - Checking for already exist user...
[2022-07-28T19:11:07.927] [WARN] default - User already exist!
[2022-07-28T19:11:07.927] [FATAL] default - Error on registration in User service!
[2022-07-28T19:11:07.927] [ERROR] default - Error: User already exist!
    at userService.<anonymous> (B:\Projects\auth-ts\src\server\services\userService.ts:44:23)
    at Generator.next (<anonymous>)
    at fulfilled (B:\Projects\auth-ts\src\server\services\userService.ts:5:58)
    at processTicksAndRejections (node:internal/process/task_queues:96:5)
[2022-07-28T19:11:07.935] [ERROR] default - AuthError: Error on registration!
    at Function.badRequest (B:\Projects\auth-ts\src\server\exceptions\authError.ts:22:16)
    at B:\Projects\auth-ts\src\server\controllers\userController.ts:51:39
    at Generator.next (<anonymous>)
    at fulfilled (B:\Projects\auth-ts\src\server\controllers\userController.ts:5:58)
    at processTicksAndRejections (node:internal/process/task_queues:96:5) {
  status: 400,
  errors: []
}
[2022-07-28T19:11:07.937] [ERROR] default - AuthError: Error on registration!
    at Function.badRequest (B:\Projects\auth-ts\src\server\exceptions\authError.ts:22:16)
    at B:\Projects\auth-ts\src\server\controllers\userController.ts:51:39
    at Generator.next (<anonymous>)
    at fulfilled (B:\Projects\auth-ts\src\server\controllers\userController.ts:5:58)
    at processTicksAndRejections (node:internal/process/task_queues:96:5) {
  status: 400,
  errors: []
}
[2022-07-28T19:12:13.299] [INFO] default - Loading Application...
[2022-07-28T19:12:13.301] [INFO] default - Database connecting...
[2022-07-28T19:12:13.313] [INFO] default - Database connected.
[2022-07-28T19:12:13.313] [INFO] default - Middlewares including...
[2022-07-28T19:12:13.314] [INFO] default - Middlewares included.
[2022-07-28T19:12:13.314] [INFO] default - Routing including...
[2022-07-28T19:12:13.314] [INFO] default - Routing included.
[2022-07-28T19:12:13.315] [INFO] default - Error middleware including...
[2022-07-28T19:12:13.315] [INFO] default - Error middleware included.
[2022-07-28T19:12:13.315] [INFO] default - Success load Application.
[2022-07-28T19:12:13.318] [INFO] default - Server is working on http://localhost:5000
[2022-07-28T19:12:13.318] [INFO] default - Database is working on mongodb://127.0.0.1:27017/auth
[2022-07-28T19:12:16.626] [INFO] default - Checking for validation errors...
[2022-07-28T19:12:16.626] [INFO] default - Getting data from request...
[2022-07-28T19:12:16.626] [INFO] default - Data are: chakachakovich@gmail.com , 0000.
[2022-07-28T19:12:16.627] [INFO] default - Registration new user...
[2022-07-28T19:12:16.627] [INFO] default - Checking for already exist user...
[2022-07-28T19:12:16.635] [WARN] default - User already exist!
[2022-07-28T19:12:16.636] [ERROR] default - AuthError: Error on registration!
    at Function.badRequest (B:\Projects\auth-ts\src\server\exceptions\authError.ts:22:16)
    at B:\Projects\auth-ts\src\server\controllers\userController.ts:51:39
    at Generator.next (<anonymous>)
    at fulfilled (B:\Projects\auth-ts\src\server\controllers\userController.ts:5:58)
    at processTicksAndRejections (node:internal/process/task_queues:96:5) {
  status: 400,
  errors: []
}
[2022-07-28T19:12:16.644] [ERROR] default - AuthError: Error on registration!
    at Function.badRequest (B:\Projects\auth-ts\src\server\exceptions\authError.ts:22:16)
    at B:\Projects\auth-ts\src\server\controllers\userController.ts:51:39
    at Generator.next (<anonymous>)
    at fulfilled (B:\Projects\auth-ts\src\server\controllers\userController.ts:5:58)
    at processTicksAndRejections (node:internal/process/task_queues:96:5) {
  status: 400,
  errors: []
}
[2022-07-28T19:13:05.199] [INFO] default - Checking for validation errors...
[2022-07-28T19:13:05.199] [INFO] default - Getting data from request...
[2022-07-28T19:13:05.199] [INFO] default - Data are: chakachakovich@gmail.com , 0000.
[2022-07-28T19:13:05.199] [INFO] default - Registration new user...
[2022-07-28T19:13:05.200] [INFO] default - Checking for already exist user...
[2022-07-28T19:13:05.202] [WARN] default - User already exist!
[2022-07-28T19:13:05.203] [ERROR] default - AuthError: Error on registration!
    at Function.badRequest (B:\Projects\auth-ts\src\server\exceptions\authError.ts:22:16)
    at B:\Projects\auth-ts\src\server\controllers\userController.ts:51:39
    at Generator.next (<anonymous>)
    at fulfilled (B:\Projects\auth-ts\src\server\controllers\userController.ts:5:58)
    at processTicksAndRejections (node:internal/process/task_queues:96:5) {
  status: 400,
  errors: []
}
[2022-07-28T19:13:05.205] [ERROR] default - AuthError: Error on registration!
    at Function.badRequest (B:\Projects\auth-ts\src\server\exceptions\authError.ts:22:16)
    at B:\Projects\auth-ts\src\server\controllers\userController.ts:51:39
    at Generator.next (<anonymous>)
    at fulfilled (B:\Projects\auth-ts\src\server\controllers\userController.ts:5:58)
    at processTicksAndRejections (node:internal/process/task_queues:96:5) {
  status: 400,
  errors: []
}
[2022-07-28T19:13:19.445] [INFO] default - Checking for validation errors...
[2022-07-28T19:13:19.445] [INFO] default - Getting data from request...
[2022-07-28T19:13:19.446] [INFO] default - Data are: chakachakovich@gmail.com , 0000.
[2022-07-28T19:13:19.446] [INFO] default - Registration new user...
[2022-07-28T19:13:19.446] [INFO] default - Checking for already exist user...
[2022-07-28T19:13:19.448] [INFO] default - User not found - creating new.
[2022-07-28T19:13:19.448] [INFO] default - Hashing password...
[2022-07-28T19:13:19.490] [INFO] default - Hash password is: $2a$04$VHtwBUN6GbRLEn3.sK6yjuyXv4UXH9gp4vNHll1c6IAWY5tEqwri6
[2022-07-28T19:13:19.490] [INFO] default - Generating new activationLink...
[2022-07-28T19:13:19.490] [INFO] default - Activation link is: 2d653012-6cc1-48e6-b3b1-bb72ad474e45
[2022-07-28T19:13:19.491] [INFO] default - Adding new user to DB...
[2022-07-28T19:13:19.515] [INFO] default - New user is: {
  email: 'chakachakovich@gmail.com',
  password: '$2a$04$VHtwBUN6GbRLEn3.sK6yjuyXv4UXH9gp4vNHll1c6IAWY5tEqwri6',
  role: 'User',
  isActivated: false,
  activationLink: '2d653012-6cc1-48e6-b3b1-bb72ad474e45',
  createDate: '28.07.2022, 19:12',
  _id: new ObjectId("62e2b59f40f71f556c6af9ec")
}
[2022-07-28T19:13:19.516] [INFO] default - Sending message to email...
[2022-07-28T19:13:19.516] [INFO] default - Sending email...
[2022-07-28T19:13:19.556] [INFO] default - Creating Dto for user...
[2022-07-28T19:13:19.557] [INFO] default - Generating new tokens...
[2022-07-28T19:13:19.557] [INFO] default - Generating access Token...
[2022-07-28T19:13:19.582] [INFO] default - Access Token is: eyJhbGciOiJIUzI1NiIsInR5cCI6IkpXVCJ9.eyJlbWFpbCI6ImNoYWthY2hha292aWNoQGdtYWlsLmNvbSIsImlkIjoiNjJlMmI1OWY0MGY3MWY1NTZjNmFmOWVjIiwiaXNBY3RpdmF0ZWQiOmZhbHNlLCJpYXQiOjE2NTkwMjQ3OTksImV4cCI6MTY1OTAyNjU5OX0.l1vevOsnhLHisYi83WsZKkYDrJpD3RQD5O0kGhGLQ2A
[2022-07-28T19:13:19.582] [INFO] default - Generating refresh Token...
[2022-07-28T19:13:19.583] [INFO] default - Refresh Token is: eyJhbGciOiJIUzI1NiIsInR5cCI6IkpXVCJ9.eyJlbWFpbCI6ImNoYWthY2hha292aWNoQGdtYWlsLmNvbSIsImlkIjoiNjJlMmI1OWY0MGY3MWY1NTZjNmFmOWVjIiwiaXNBY3RpdmF0ZWQiOmZhbHNlLCJpYXQiOjE2NTkwMjQ3OTksImV4cCI6MTY1OTYyOTU5OX0.VvAllGVj7G76Et_nBV3fxDUGxY47lQkyDA8-SYbEKzY
[2022-07-28T19:13:19.583] [INFO] default - Saving or update refresh token...
[2022-07-28T19:13:19.583] [INFO] default - Searching already exist refreshToken...
[2022-07-28T19:13:19.645] [INFO] default - Generating new refresh Token...
[2022-07-28T19:13:19.648] [INFO] default - Generated new refresh Token.
[2022-07-28T19:13:19.648] [INFO] default - Sending info and tokens...
[2022-07-28T19:13:19.648] [INFO] default - New user is created.
[2022-07-28T19:13:21.207] [INFO] default - Email has been sent successfully!
[2022-07-28T19:14:08.855] [INFO] default - Loading Application...
[2022-07-28T19:14:08.857] [INFO] default - Database connecting...
[2022-07-28T19:14:08.867] [INFO] default - Database connected.
[2022-07-28T19:14:08.868] [INFO] default - Middlewares including...
[2022-07-28T19:14:08.868] [INFO] default - Middlewares included.
[2022-07-28T19:14:08.869] [INFO] default - Routing including...
[2022-07-28T19:14:08.869] [INFO] default - Routing included.
[2022-07-28T19:14:08.869] [INFO] default - Error middleware including...
[2022-07-28T19:14:08.870] [INFO] default - Error middleware included.
[2022-07-28T19:14:08.870] [INFO] default - Success load Application.
[2022-07-28T19:14:08.873] [INFO] default - Server is working on http://localhost:5000
[2022-07-28T19:14:08.873] [INFO] default - Database is working on mongodb://127.0.0.1:27017/auth
[2022-07-28T19:14:13.416] [INFO] default - Checking for validation errors...
[2022-07-28T19:14:13.416] [INFO] default - Getting data from request...
[2022-07-28T19:14:13.416] [INFO] default - Data are: chakachakovich@gmail.com , 0000.
[2022-07-28T19:14:13.417] [INFO] default - Registration new user...
[2022-07-28T19:14:13.417] [INFO] default - Checking for already exist user...
[2022-07-28T19:14:13.429] [WARN] default - User already exist!
[2022-07-28T19:14:35.562] [INFO] default - Checking for validation errors...
[2022-07-28T19:14:35.562] [INFO] default - Getting data from request...
[2022-07-28T19:14:35.563] [INFO] default - Data are: chakachakovich@gmail.com , 0000.
[2022-07-28T19:14:35.563] [INFO] default - Registration new user...
[2022-07-28T19:14:35.563] [INFO] default - Checking for already exist user...
[2022-07-28T19:14:35.565] [INFO] default - User not found - creating new.
[2022-07-28T19:14:35.565] [INFO] default - Hashing password...
[2022-07-28T19:14:35.581] [INFO] default - Hash password is: $2a$04$VO9IfuTLR4o8vrB0.yKq9.ArDR0CS7KlQCTVTsh.vp59.jw2YKT3y
[2022-07-28T19:14:35.581] [INFO] default - Generating new activationLink...
[2022-07-28T19:14:35.582] [INFO] default - Activation link is: d39851f3-7ea9-4087-899b-91da67533dfc
[2022-07-28T19:14:35.582] [INFO] default - Adding new user to DB...
[2022-07-28T19:14:35.594] [INFO] default - New user is: {
  email: 'chakachakovich@gmail.com',
  password: '$2a$04$VO9IfuTLR4o8vrB0.yKq9.ArDR0CS7KlQCTVTsh.vp59.jw2YKT3y',
  role: 'User',
  isActivated: false,
  activationLink: 'd39851f3-7ea9-4087-899b-91da67533dfc',
  createDate: '28.07.2022, 19:14',
  _id: new ObjectId("62e2b5eb1938161d5c648226")
}
[2022-07-28T19:14:35.594] [INFO] default - Sending message to email...
[2022-07-28T19:14:35.594] [INFO] default - Sending email...
[2022-07-28T19:14:35.598] [INFO] default - Creating Dto for user...
[2022-07-28T19:14:35.599] [INFO] default - Generating new tokens...
[2022-07-28T19:14:35.599] [INFO] default - Generating access Token...
[2022-07-28T19:14:35.601] [INFO] default - Access Token is: eyJhbGciOiJIUzI1NiIsInR5cCI6IkpXVCJ9.eyJlbWFpbCI6ImNoYWthY2hha292aWNoQGdtYWlsLmNvbSIsImlkIjoiNjJlMmI1ZWIxOTM4MTYxZDVjNjQ4MjI2IiwiaXNBY3RpdmF0ZWQiOmZhbHNlLCJpYXQiOjE2NTkwMjQ4NzUsImV4cCI6MTY1OTAyNjY3NX0.pNlSH26f1nLHiUBJA8inoedIRu2tDYs7Z1EaEwhBBTg
[2022-07-28T19:14:35.603] [INFO] default - Generating refresh Token...
[2022-07-28T19:14:35.604] [INFO] default - Refresh Token is: eyJhbGciOiJIUzI1NiIsInR5cCI6IkpXVCJ9.eyJlbWFpbCI6ImNoYWthY2hha292aWNoQGdtYWlsLmNvbSIsImlkIjoiNjJlMmI1ZWIxOTM4MTYxZDVjNjQ4MjI2IiwiaXNBY3RpdmF0ZWQiOmZhbHNlLCJpYXQiOjE2NTkwMjQ4NzUsImV4cCI6MTY1OTYyOTY3NX0.n6tH7g1W4f7QkjwDR61Xy8fEvJ8CKoD7c9bR9VcezhY
[2022-07-28T19:14:35.604] [INFO] default - Saving or update refresh token...
[2022-07-28T19:14:35.604] [INFO] default - Searching already exist refreshToken...
[2022-07-28T19:14:35.608] [INFO] default - Generating new refresh Token...
[2022-07-28T19:14:35.623] [INFO] default - Generated new refresh Token.
[2022-07-28T19:14:35.623] [INFO] default - Sending info and tokens...
[2022-07-28T19:14:35.623] [INFO] default - New user is created.
[2022-07-28T19:14:36.403] [INFO] default - Email has been sent successfully!
[2022-07-28T19:14:54.091] [INFO] default - Checking for validation errors...
[2022-07-28T19:14:54.092] [INFO] default - Getting data from request...
[2022-07-28T19:14:54.092] [INFO] default - Data are: chakachakovich@gmail.com , 0000.
[2022-07-28T19:14:54.092] [INFO] default - Registration new user...
[2022-07-28T19:14:54.092] [INFO] default - Checking for already exist user...
[2022-07-28T19:14:54.094] [WARN] default - User already exist!
[2022-07-28T19:15:41.300] [INFO] default - Loading Application...
[2022-07-28T19:15:41.302] [INFO] default - Database connecting...
[2022-07-28T19:15:41.313] [INFO] default - Database connected.
[2022-07-28T19:15:41.313] [INFO] default - Middlewares including...
[2022-07-28T19:15:41.314] [INFO] default - Middlewares included.
[2022-07-28T19:15:41.314] [INFO] default - Routing including...
[2022-07-28T19:15:41.314] [INFO] default - Routing included.
[2022-07-28T19:15:41.315] [INFO] default - Error middleware including...
[2022-07-28T19:15:41.315] [INFO] default - Error middleware included.
[2022-07-28T19:15:41.316] [INFO] default - Success load Application.
[2022-07-28T19:15:41.321] [INFO] default - Server is working on http://localhost:5000
[2022-07-28T19:15:41.322] [INFO] default - Database is working on mongodb://127.0.0.1:27017/auth
[2022-07-28T19:15:44.955] [INFO] default - Checking for validation errors...
[2022-07-28T19:15:44.956] [INFO] default - Getting data from request...
[2022-07-28T19:15:44.956] [INFO] default - Data are: chakachakovich@gmail.com , 0000.
[2022-07-28T19:15:44.956] [INFO] default - Registration new user...
[2022-07-28T19:15:44.956] [INFO] default - Checking for already exist user...
[2022-07-28T19:15:44.965] [WARN] default - User already exist!
[2022-07-28T19:15:56.025] [INFO] default - Checking for validation errors...
[2022-07-28T19:15:56.025] [INFO] default - Getting data from request...
[2022-07-28T19:15:56.025] [INFO] default - Data are: chakachakovich@gmail.com , 0000.
[2022-07-28T19:15:56.025] [INFO] default - Registration new user...
[2022-07-28T19:15:56.026] [INFO] default - Checking for already exist user...
[2022-07-28T19:15:56.028] [INFO] default - User not found - creating new.
[2022-07-28T19:15:56.028] [INFO] default - Hashing password...
[2022-07-28T19:15:56.043] [INFO] default - Hash password is: $2a$04$Aeql6s9m7nc5jepPV8/sVON3OYIGt1npg0lH53gD7uSYxD2Pt57uu
[2022-07-28T19:15:56.044] [INFO] default - Generating new activationLink...
[2022-07-28T19:15:56.044] [INFO] default - Activation link is: fb08ade9-a1c2-4c42-a0d5-5f4c86a2f1a3
[2022-07-28T19:15:56.044] [INFO] default - Adding new user to DB...
[2022-07-28T19:15:56.054] [INFO] default - New user is: {
  email: 'chakachakovich@gmail.com',
  password: '$2a$04$Aeql6s9m7nc5jepPV8/sVON3OYIGt1npg0lH53gD7uSYxD2Pt57uu',
  role: 'User',
  isActivated: false,
  activationLink: 'fb08ade9-a1c2-4c42-a0d5-5f4c86a2f1a3',
  createDate: '28.07.2022, 19:15',
  _id: new ObjectId("62e2b63cf64379b5817827f5")
}
[2022-07-28T19:15:56.054] [INFO] default - Sending message to email...
[2022-07-28T19:15:56.054] [INFO] default - Sending email...
[2022-07-28T19:15:56.058] [INFO] default - Creating Dto for user...
[2022-07-28T19:15:56.059] [INFO] default - Generating new tokens...
[2022-07-28T19:15:56.059] [INFO] default - Generating access Token...
[2022-07-28T19:15:56.060] [INFO] default - Access Token is: eyJhbGciOiJIUzI1NiIsInR5cCI6IkpXVCJ9.eyJlbWFpbCI6ImNoYWthY2hha292aWNoQGdtYWlsLmNvbSIsImlkIjoiNjJlMmI2M2NmNjQzNzliNTgxNzgyN2Y1IiwiaXNBY3RpdmF0ZWQiOmZhbHNlLCJpYXQiOjE2NTkwMjQ5NTYsImV4cCI6MTY1OTAyNjc1Nn0.q9oQqjVvvdmwsbibxF7p8R0kzwBQO19ZYlTEOZI4hrA
[2022-07-28T19:15:56.061] [INFO] default - Generating refresh Token...
[2022-07-28T19:15:56.061] [INFO] default - Refresh Token is: eyJhbGciOiJIUzI1NiIsInR5cCI6IkpXVCJ9.eyJlbWFpbCI6ImNoYWthY2hha292aWNoQGdtYWlsLmNvbSIsImlkIjoiNjJlMmI2M2NmNjQzNzliNTgxNzgyN2Y1IiwiaXNBY3RpdmF0ZWQiOmZhbHNlLCJpYXQiOjE2NTkwMjQ5NTYsImV4cCI6MTY1OTYyOTc1Nn0.KMwf0BwcPo-zDU0UBGeL3y_qyQfQ7R7lT_k3J4MvOrg
[2022-07-28T19:15:56.061] [INFO] default - Saving or update refresh token...
[2022-07-28T19:15:56.061] [INFO] default - Searching already exist refreshToken...
[2022-07-28T19:15:56.065] [INFO] default - Generating new refresh Token...
[2022-07-28T19:15:56.068] [INFO] default - Generated new refresh Token.
[2022-07-28T19:15:56.069] [INFO] default - Sending info and tokens...
[2022-07-28T19:15:56.069] [INFO] default - New user is created.
[2022-07-28T19:15:56.876] [INFO] default - Email has been sent successfully!
[2022-07-28T19:15:57.809] [INFO] default - Checking for validation errors...
[2022-07-28T19:15:57.810] [INFO] default - Getting data from request...
[2022-07-28T19:15:57.810] [INFO] default - Data are: chakachakovich@gmail.com , 0000.
[2022-07-28T19:15:57.810] [INFO] default - Registration new user...
[2022-07-28T19:15:57.810] [INFO] default - Checking for already exist user...
[2022-07-28T19:15:57.813] [WARN] default - User already exist!
[2022-07-28T19:21:37.334] [INFO] default - Loading Application...
[2022-07-28T19:21:37.336] [INFO] default - Database connecting...
[2022-07-28T19:21:37.346] [INFO] default - Database connected.
[2022-07-28T19:21:37.347] [INFO] default - Middlewares including...
[2022-07-28T19:21:37.347] [INFO] default - Middlewares included.
[2022-07-28T19:21:37.348] [INFO] default - Routing including...
[2022-07-28T19:21:37.348] [INFO] default - Routing included.
[2022-07-28T19:21:37.348] [INFO] default - Error middleware including...
[2022-07-28T19:21:37.349] [INFO] default - Error middleware included.
[2022-07-28T19:21:37.349] [INFO] default - Success load Application.
[2022-07-28T19:21:37.352] [INFO] default - Server is working on http://localhost:5000
[2022-07-28T19:21:37.352] [INFO] default - Database is working on mongodb://127.0.0.1:27017/auth
[2022-07-28T19:21:51.254] [INFO] default - Checking for validation errors...
[2022-07-28T19:21:51.255] [INFO] default - Getting data from request...
[2022-07-28T19:21:51.256] [INFO] default - Data are: chakachakovich@gmail.com , 0000.
[2022-07-28T19:21:51.256] [INFO] default - Registration new user...
[2022-07-28T19:21:51.256] [INFO] default - Checking for already exist user...
[2022-07-28T19:21:51.265] [WARN] default - User already exist!
[2022-07-28T19:21:51.266] [FATAL] default - Error on registration in User service!
[2022-07-28T19:21:51.266] [ERROR] default - Error: User already exist!
    at userService.<anonymous> (B:\Projects\auth-ts\src\server\services\userService.ts:44:23)
    at Generator.next (<anonymous>)
    at fulfilled (B:\Projects\auth-ts\src\server\services\userService.ts:5:58)
    at processTicksAndRejections (node:internal/process/task_queues:96:5)
[2022-07-28T19:21:51.275] [ERROR] default - AuthError: Error on registration!
    at Function.badRequest (B:\Projects\auth-ts\src\server\exceptions\authError.ts:22:16)
    at B:\Projects\auth-ts\src\server\controllers\userController.ts:51:39
    at Generator.next (<anonymous>)
    at fulfilled (B:\Projects\auth-ts\src\server\controllers\userController.ts:5:58)
    at processTicksAndRejections (node:internal/process/task_queues:96:5) {
  status: 400,
  errors: []
}
[2022-07-28T19:21:51.277] [ERROR] default - AuthError: Error on registration!
    at Function.badRequest (B:\Projects\auth-ts\src\server\exceptions\authError.ts:22:16)
    at B:\Projects\auth-ts\src\server\controllers\userController.ts:51:39
    at Generator.next (<anonymous>)
    at fulfilled (B:\Projects\auth-ts\src\server\controllers\userController.ts:5:58)
    at processTicksAndRejections (node:internal/process/task_queues:96:5) {
  status: 400,
  errors: []
}
[2022-07-28T19:25:26.277] [INFO] default - Loading Application...
[2022-07-28T19:25:26.278] [INFO] default - Database connecting...
[2022-07-28T19:25:26.288] [INFO] default - Database connected.
[2022-07-28T19:25:26.289] [INFO] default - Middlewares including...
[2022-07-28T19:25:26.289] [INFO] default - Middlewares included.
[2022-07-28T19:25:26.290] [INFO] default - Routing including...
[2022-07-28T19:25:26.290] [INFO] default - Routing included.
[2022-07-28T19:25:26.290] [INFO] default - Error middleware including...
[2022-07-28T19:25:26.290] [INFO] default - Error middleware included.
[2022-07-28T19:25:26.291] [INFO] default - Success load Application.
[2022-07-28T19:25:26.294] [INFO] default - Server is working on http://localhost:5000
[2022-07-28T19:25:26.294] [INFO] default - Database is working on mongodb://127.0.0.1:27017/auth
[2022-07-28T19:25:39.185] [INFO] default - Checking for validation errors...
[2022-07-28T19:25:39.185] [INFO] default - Validation success.
[2022-07-28T19:25:39.185] [INFO] default - Getting data from request...
[2022-07-28T19:25:39.186] [INFO] default - Data are: chakachakovich@gmail.com , 0000.
[2022-07-28T19:25:39.186] [INFO] default - Registration new user...
[2022-07-28T19:25:39.186] [INFO] default - Checking for already exist user...
[2022-07-28T19:25:39.195] [WARN] default - User already exist!
[2022-07-28T19:25:39.195] [ERROR] default - Error on registration in User service!
[2022-07-28T19:25:39.196] [ERROR] default - Error: User already exist!
    at userService.<anonymous> (B:\Projects\auth-ts\src\server\services\userService.ts:44:23)
    at Generator.next (<anonymous>)
    at fulfilled (B:\Projects\auth-ts\src\server\services\userService.ts:5:58)
    at processTicksAndRejections (node:internal/process/task_queues:96:5)
[2022-07-28T19:25:39.203] [ERROR] default - AuthError: Error on registration!
    at Function.badRequest (B:\Projects\auth-ts\src\server\exceptions\authError.ts:22:16)
    at B:\Projects\auth-ts\src\server\controllers\userController.ts:52:39
    at Generator.next (<anonymous>)
    at fulfilled (B:\Projects\auth-ts\src\server\controllers\userController.ts:5:58)
    at processTicksAndRejections (node:internal/process/task_queues:96:5) {
  status: 400,
  errors: []
}
[2022-07-28T19:25:39.204] [ERROR] default - AuthError: Error on registration!
    at Function.badRequest (B:\Projects\auth-ts\src\server\exceptions\authError.ts:22:16)
    at B:\Projects\auth-ts\src\server\controllers\userController.ts:52:39
    at Generator.next (<anonymous>)
    at fulfilled (B:\Projects\auth-ts\src\server\controllers\userController.ts:5:58)
    at processTicksAndRejections (node:internal/process/task_queues:96:5) {
  status: 400,
  errors: []
}
[2022-07-28T19:27:41.146] [INFO] default - Loading Application...
[2022-07-28T19:27:41.147] [INFO] default - Database connecting...
[2022-07-28T19:27:41.157] [INFO] default - Database connected.
[2022-07-28T19:27:41.157] [INFO] default - Middlewares including...
[2022-07-28T19:27:41.158] [INFO] default - Middlewares included.
[2022-07-28T19:27:41.158] [INFO] default - Routing including...
[2022-07-28T19:27:41.158] [INFO] default - Routing included.
[2022-07-28T19:27:41.159] [INFO] default - Error middleware including...
[2022-07-28T19:27:41.159] [INFO] default - Error middleware included.
[2022-07-28T19:27:41.159] [INFO] default - Success load Application.
[2022-07-28T19:27:41.163] [INFO] default - Server is working on http://localhost:5000
[2022-07-28T19:27:41.163] [INFO] default - Database is working on mongodb://127.0.0.1:27017/auth
[2022-07-28T19:27:44.332] [INFO] default - Checking for validation errors...
[2022-07-28T19:27:44.332] [INFO] default - Validation success.
[2022-07-28T19:27:44.332] [INFO] default - Getting data from request...
[2022-07-28T19:27:44.332] [INFO] default - Data are: chakachakovich@gmail.com , 0000.
[2022-07-28T19:27:44.332] [INFO] default - Registration new user...
[2022-07-28T19:27:44.333] [INFO] default - Checking for already exist user...
[2022-07-28T19:27:44.341] [ERROR] default - Error on registration in User service!
[2022-07-28T19:27:44.342] [ERROR] default - Error: User already exist!
    at userService.<anonymous> (B:\Projects\auth-ts\src\server\services\userService.ts:43:23)
    at Generator.next (<anonymous>)
    at fulfilled (B:\Projects\auth-ts\src\server\services\userService.ts:5:58)
    at processTicksAndRejections (node:internal/process/task_queues:96:5)
[2022-07-28T19:27:44.349] [ERROR] default - AuthError: Error on registration!
    at Function.badRequest (B:\Projects\auth-ts\src\server\exceptions\authError.ts:22:16)
    at B:\Projects\auth-ts\src\server\controllers\userController.ts:52:39
    at Generator.next (<anonymous>)
    at fulfilled (B:\Projects\auth-ts\src\server\controllers\userController.ts:5:58)
    at processTicksAndRejections (node:internal/process/task_queues:96:5) {
  status: 400,
  errors: []
}
[2022-07-28T19:27:44.351] [ERROR] default - AuthError: Error on registration!
    at Function.badRequest (B:\Projects\auth-ts\src\server\exceptions\authError.ts:22:16)
    at B:\Projects\auth-ts\src\server\controllers\userController.ts:52:39
    at Generator.next (<anonymous>)
    at fulfilled (B:\Projects\auth-ts\src\server\controllers\userController.ts:5:58)
    at processTicksAndRejections (node:internal/process/task_queues:96:5) {
  status: 400,
  errors: []
}
[2022-07-28T19:30:26.679] [INFO] default - Loading Application...
[2022-07-28T19:30:26.680] [INFO] default - Database connecting...
[2022-07-28T19:30:26.692] [INFO] default - Database connected.
[2022-07-28T19:30:26.692] [INFO] default - Middlewares including...
[2022-07-28T19:30:26.693] [INFO] default - Middlewares included.
[2022-07-28T19:30:26.694] [INFO] default - Routing including...
[2022-07-28T19:30:26.694] [INFO] default - Routing included.
[2022-07-28T19:30:26.694] [INFO] default - Error middleware including...
[2022-07-28T19:30:26.694] [INFO] default - Error middleware included.
[2022-07-28T19:30:26.695] [INFO] default - Success load Application.
[2022-07-28T19:30:26.698] [INFO] default - Server is working on http://localhost:5000
[2022-07-28T19:30:26.698] [INFO] default - Database is working on mongodb://127.0.0.1:27017/auth
[2022-07-28T19:30:33.253] [INFO] default - Checking for validation errors...
[2022-07-28T19:30:33.253] [INFO] default - Validation success.
[2022-07-28T19:30:33.254] [INFO] default - Getting data from request...
[2022-07-28T19:30:33.254] [INFO] default - Data are: chakachakovich@gmail.com , 0000.
[2022-07-28T19:30:33.254] [INFO] default - Registration new user...
[2022-07-28T19:30:33.254] [INFO] default - Checking for already exist user...
[2022-07-28T19:30:33.264] [ERROR] default - Error on registration in User service!
[2022-07-28T19:30:33.264] [ERROR] default - Error: User already exist!
    at userService.<anonymous> (B:\Projects\auth-ts\src\server\services\userService.ts:43:23)
    at Generator.next (<anonymous>)
    at fulfilled (B:\Projects\auth-ts\src\server\services\userService.ts:5:58)
    at processTicksAndRejections (node:internal/process/task_queues:96:5)
[2022-07-28T19:30:33.270] [ERROR] default - AuthError: Error on registration!
    at Function.badRequest (B:\Projects\auth-ts\src\server\exceptions\authError.ts:22:16)
    at B:\Projects\auth-ts\src\server\controllers\userController.ts:52:39
    at Generator.next (<anonymous>)
    at fulfilled (B:\Projects\auth-ts\src\server\controllers\userController.ts:5:58)
    at processTicksAndRejections (node:internal/process/task_queues:96:5) {
  status: 400,
  errors: []
}
[2022-07-28T19:30:33.273] [WARN] default - AuthError: Error on registration!
    at Function.badRequest (B:\Projects\auth-ts\src\server\exceptions\authError.ts:22:16)
    at B:\Projects\auth-ts\src\server\controllers\userController.ts:52:39
    at Generator.next (<anonymous>)
    at fulfilled (B:\Projects\auth-ts\src\server\controllers\userController.ts:5:58)
    at processTicksAndRejections (node:internal/process/task_queues:96:5) {
  status: 400,
  errors: []
}
[2022-07-28T19:31:03.753] [INFO] default - Loading Application...
[2022-07-28T19:31:03.754] [INFO] default - Database connecting...
[2022-07-28T19:31:03.765] [INFO] default - Database connected.
[2022-07-28T19:31:03.765] [INFO] default - Middlewares including...
[2022-07-28T19:31:03.766] [INFO] default - Middlewares included.
[2022-07-28T19:31:03.766] [INFO] default - Routing including...
[2022-07-28T19:31:03.766] [INFO] default - Routing included.
[2022-07-28T19:31:03.767] [INFO] default - Error middleware including...
[2022-07-28T19:31:03.767] [INFO] default - Error middleware included.
[2022-07-28T19:31:03.767] [INFO] default - Success load Application.
[2022-07-28T19:31:03.771] [INFO] default - Server is working on http://localhost:5000
[2022-07-28T19:31:03.771] [INFO] default - Database is working on mongodb://127.0.0.1:27017/auth
[2022-07-28T19:31:06.749] [INFO] default - Checking for validation errors...
[2022-07-28T19:31:06.749] [INFO] default - Validation success.
[2022-07-28T19:31:06.750] [INFO] default - Getting data from request...
[2022-07-28T19:31:06.750] [INFO] default - Data are: chakachakovich@gmail.com , 0000.
[2022-07-28T19:31:06.750] [INFO] default - Registration new user...
[2022-07-28T19:31:06.750] [INFO] default - Checking for already exist user...
[2022-07-28T19:31:06.759] [ERROR] default - Error on registration in User service!
[2022-07-28T19:31:06.760] [ERROR] default - Error: User already exist!
    at userService.<anonymous> (B:\Projects\auth-ts\src\server\services\userService.ts:43:23)
    at Generator.next (<anonymous>)
    at fulfilled (B:\Projects\auth-ts\src\server\services\userService.ts:5:58)
    at processTicksAndRejections (node:internal/process/task_queues:96:5)
[2022-07-28T19:31:06.765] [WARN] default - AuthError: Error on registration!
    at Function.badRequest (B:\Projects\auth-ts\src\server\exceptions\authError.ts:22:16)
    at B:\Projects\auth-ts\src\server\controllers\userController.ts:52:39
    at Generator.next (<anonymous>)
    at fulfilled (B:\Projects\auth-ts\src\server\controllers\userController.ts:5:58)
    at processTicksAndRejections (node:internal/process/task_queues:96:5) {
  status: 400,
  errors: []
}
[2022-07-28T19:44:24.886] [INFO] default - Loading Application...
[2022-07-28T19:44:24.887] [INFO] default - Database connecting...
[2022-07-28T19:44:24.898] [INFO] default - Database connected.
[2022-07-28T19:44:24.898] [INFO] default - Middlewares including...
[2022-07-28T19:44:24.899] [INFO] default - Middlewares included.
[2022-07-28T19:44:24.899] [INFO] default - Routing including...
[2022-07-28T19:44:24.900] [INFO] default - Routing included.
[2022-07-28T19:44:24.900] [INFO] default - Error middleware including...
[2022-07-28T19:44:24.900] [INFO] default - Error middleware included.
[2022-07-28T19:44:24.900] [INFO] default - Success load Application.
[2022-07-28T19:44:24.903] [INFO] default - Server is working on http://localhost:5000
[2022-07-28T19:44:24.903] [INFO] default - Database is working on mongodb://127.0.0.1:27017/auth
[2022-07-28T19:50:22.275] [INFO] default - Loading Application...
[2022-07-28T19:50:22.276] [INFO] default - Database connecting...
[2022-07-28T19:50:22.286] [INFO] default - Database connected.
[2022-07-28T19:50:22.286] [INFO] default - Middlewares including...
[2022-07-28T19:50:22.287] [INFO] default - Middlewares included.
[2022-07-28T19:50:22.287] [INFO] default - Routing including...
[2022-07-28T19:50:22.287] [INFO] default - Routing included.
[2022-07-28T19:50:22.288] [INFO] default - Error middleware including...
[2022-07-28T19:50:22.288] [INFO] default - Error middleware included.
[2022-07-28T19:50:22.288] [INFO] default - Success load Application.
[2022-07-28T19:50:22.294] [INFO] default - Server is working on http://localhost:5000
[2022-07-28T19:50:22.295] [INFO] default - Database is working on mongodb://127.0.0.1:27017/auth
[2022-07-28T19:50:25.698] [INFO] default - Checking for validation errors...
[2022-07-28T19:50:25.698] [INFO] default - Validation success.
[2022-07-28T19:50:25.698] [INFO] default - Getting data from request...
[2022-07-28T19:50:25.698] [INFO] default - Data are: chakachakovich@gmail.com , 0000.
[2022-07-28T19:50:25.698] [INFO] default - Registration new user...
[2022-07-28T19:50:25.699] [INFO] default - Checking for already exist user...
[2022-07-28T19:50:25.708] [ERROR] default - Error on registration in User service!
[2022-07-28T19:50:25.708] [ERROR] default - Error: User already exist!
    at userService.<anonymous> (B:\Projects\auth-ts\src\server\services\userService.ts:43:23)
    at Generator.next (<anonymous>)
    at fulfilled (B:\Projects\auth-ts\src\server\services\userService.ts:5:58)
    at processTicksAndRejections (node:internal/process/task_queues:96:5)
[2022-07-28T19:50:25.714] [WARN] default - AuthError: Error on registration!
    at Function.badRequest (B:\Projects\auth-ts\src\server\exceptions\authError.ts:22:16)
    at B:\Projects\auth-ts\src\server\controllers\userController.ts:52:39
    at Generator.next (<anonymous>)
    at fulfilled (B:\Projects\auth-ts\src\server\controllers\userController.ts:5:58)
    at processTicksAndRejections (node:internal/process/task_queues:96:5) {
  status: 400,
  errors: []
}
[2022-07-28T19:51:03.281] [INFO] default - Loading Application...
[2022-07-28T19:51:03.283] [INFO] default - Database connecting...
[2022-07-28T19:51:03.295] [INFO] default - Database connected.
[2022-07-28T19:51:03.295] [INFO] default - Middlewares including...
[2022-07-28T19:51:03.296] [INFO] default - Middlewares included.
[2022-07-28T19:51:03.296] [INFO] default - Routing including...
[2022-07-28T19:51:03.296] [INFO] default - Routing included.
[2022-07-28T19:51:03.296] [INFO] default - Error middleware including...
[2022-07-28T19:51:03.297] [INFO] default - Error middleware included.
[2022-07-28T19:51:03.297] [INFO] default - Success load Application.
[2022-07-28T19:51:03.300] [INFO] default - Server is working on http://localhost:5000
[2022-07-28T19:51:03.300] [INFO] default - Database is working on mongodb://127.0.0.1:27017/auth
[2022-07-28T20:05:43.282] [INFO] default - Loading Application...
[2022-07-28T20:05:43.284] [INFO] default - Database connecting...
[2022-07-28T20:05:43.293] [INFO] default - Database connected.
[2022-07-28T20:05:43.294] [INFO] default - Middlewares including...
[2022-07-28T20:05:43.294] [INFO] default - Middlewares included.
[2022-07-28T20:05:43.295] [INFO] default - Routing including...
[2022-07-28T20:05:43.295] [INFO] default - Routing included.
[2022-07-28T20:05:43.295] [INFO] default - Error middleware including...
[2022-07-28T20:05:43.296] [INFO] default - Error middleware included.
[2022-07-28T20:05:43.296] [INFO] default - Success load Application.
[2022-07-28T20:05:43.299] [INFO] default - Server is working on http://localhost:5000
[2022-07-28T20:05:43.299] [INFO] default - Database is working on mongodb://127.0.0.1:27017/auth
[2022-07-28T20:07:20.010] [INFO] default - Loading Application...
[2022-07-28T20:07:20.011] [INFO] default - Database connecting...
[2022-07-28T20:07:20.023] [INFO] default - Database connected.
[2022-07-28T20:07:20.023] [INFO] default - Middlewares including...
[2022-07-28T20:07:20.024] [INFO] default - Middlewares included.
[2022-07-28T20:07:20.025] [INFO] default - Routing including...
[2022-07-28T20:07:20.025] [INFO] default - Routing included.
[2022-07-28T20:07:20.025] [INFO] default - Error middleware including...
[2022-07-28T20:07:20.025] [INFO] default - Error middleware included.
[2022-07-28T20:07:20.026] [INFO] default - Success load Application.
[2022-07-28T20:07:20.029] [INFO] default - Server is working on http://localhost:5000
[2022-07-28T20:07:20.029] [INFO] default - Database is working on mongodb://127.0.0.1:27017/auth
[2022-07-28T20:07:32.334] [INFO] default - Loading Application...
[2022-07-28T20:07:32.335] [INFO] default - Database connecting...
[2022-07-28T20:07:32.345] [INFO] default - Database connected.
[2022-07-28T20:07:32.345] [INFO] default - Middlewares including...
[2022-07-28T20:07:32.346] [INFO] default - Middlewares included.
[2022-07-28T20:07:32.346] [INFO] default - Routing including...
[2022-07-28T20:07:32.346] [INFO] default - Routing included.
[2022-07-28T20:07:32.346] [INFO] default - Error middleware including...
[2022-07-28T20:07:32.347] [INFO] default - Error middleware included.
[2022-07-28T20:07:32.347] [INFO] default - Success load Application.
[2022-07-28T20:07:32.350] [INFO] default - Server is working on http://localhost:5000
[2022-07-28T20:07:32.351] [INFO] default - Database is working on mongodb://127.0.0.1:27017/auth
[2022-07-28T20:09:43.242] [INFO] default - Loading Application...
[2022-07-28T20:09:43.243] [INFO] default - Database connecting...
[2022-07-28T20:09:43.254] [INFO] default - Database connected.
[2022-07-28T20:09:43.254] [INFO] default - Middlewares including...
[2022-07-28T20:09:43.255] [INFO] default - Middlewares included.
[2022-07-28T20:09:43.255] [INFO] default - Routing including...
[2022-07-28T20:09:43.255] [INFO] default - Routing included.
[2022-07-28T20:09:43.256] [INFO] default - Error middleware including...
[2022-07-28T20:09:43.256] [INFO] default - Error middleware included.
[2022-07-28T20:09:43.256] [INFO] default - Success load Application.
[2022-07-28T20:09:43.259] [INFO] default - Server is working on http://localhost:5000
[2022-07-28T20:09:43.259] [INFO] default - Database is working on mongodb://127.0.0.1:27017/auth
[2022-07-28T20:30:32.497] [INFO] default - Loading Application...
[2022-07-28T20:30:32.498] [INFO] default - Database connecting...
[2022-07-28T20:30:32.508] [INFO] default - Database connected.
[2022-07-28T20:30:32.509] [INFO] default - Middlewares including...
[2022-07-28T20:30:32.509] [INFO] default - Middlewares included.
[2022-07-28T20:30:32.510] [INFO] default - Routing including...
[2022-07-28T20:30:32.510] [INFO] default - Routing included.
[2022-07-28T20:30:32.510] [INFO] default - Error middleware including...
[2022-07-28T20:30:32.510] [INFO] default - Error middleware included.
[2022-07-28T20:30:32.510] [INFO] default - Success load Application.
[2022-07-28T20:30:32.513] [INFO] default - Server is working on http://localhost:5000
[2022-07-28T20:30:32.514] [INFO] default - Database is working on mongodb://127.0.0.1:27017/auth
[2022-07-28T20:30:37.916] [INFO] default - Checking for validation errors...
[2022-07-28T20:30:37.916] [INFO] default - Validation success.
[2022-07-28T20:30:37.917] [INFO] default - Getting data from request...
[2022-07-28T20:30:37.917] [INFO] default - Data are: chakachakovich@gmail.com , 0000.
[2022-07-28T20:30:37.917] [INFO] default - Registration new user...
[2022-07-28T20:30:37.917] [INFO] default - Checking for already exist user...
[2022-07-28T20:30:37.927] [ERROR] default - Error on registration in User service!
[2022-07-28T20:30:37.927] [ERROR] default - Error: User already exist!
    at userService.<anonymous> (B:\Projects\auth-ts\src\server\services\userService.ts:43:23)
    at Generator.next (<anonymous>)
    at fulfilled (B:\Projects\auth-ts\src\server\services\userService.ts:5:58)
    at processTicksAndRejections (node:internal/process/task_queues:96:5)
[2022-07-28T20:30:37.932] [ERROR] default - AuthError: Error on registration!
    at Function.badRequest (B:\Projects\auth-ts\src\server\exceptions\authError.ts:22:16)
    at B:\Projects\auth-ts\src\server\controllers\userController.ts:52:39
    at Generator.next (<anonymous>)
    at fulfilled (B:\Projects\auth-ts\src\server\controllers\userController.ts:5:58)
    at processTicksAndRejections (node:internal/process/task_queues:96:5) {
  status: 400,
  errors: []
}
[2022-07-28T20:31:27.911] [INFO] default - Checking for validation errors...
[2022-07-28T20:31:27.911] [INFO] default - Validation success.
[2022-07-28T20:31:27.911] [INFO] default - Getting data from request...
[2022-07-28T20:31:27.911] [INFO] default - Data are: chakachakovich@gmail.com , 0000.
[2022-07-28T20:31:27.912] [INFO] default - Registration new user...
[2022-07-28T20:31:27.912] [INFO] default - Checking for already exist user...
[2022-07-28T20:31:27.914] [INFO] default - User not found - creating new.
[2022-07-28T20:31:27.914] [INFO] default - Hashing password...
[2022-07-28T20:31:27.987] [INFO] default - Hash password is: $2a$04$.HpkCOp.RDkM7U8zquvASem8YERHo5hbqq8bReS1Ht5V5QCaCmaau
[2022-07-28T20:31:27.988] [INFO] default - Generating new activationLink...
[2022-07-28T20:31:27.988] [INFO] default - Activation link is: 5d447fcf-a325-4d83-9e1f-a563ebb7c598
[2022-07-28T20:31:27.989] [INFO] default - Adding new user to DB...
[2022-07-28T20:31:27.998] [INFO] default - New user is: {
  email: 'chakachakovich@gmail.com',
  password: '$2a$04$.HpkCOp.RDkM7U8zquvASem8YERHo5hbqq8bReS1Ht5V5QCaCmaau',
  role: 'User',
  isActivated: false,
  activationLink: '5d447fcf-a325-4d83-9e1f-a563ebb7c598',
  createDate: '28.07.2022, 20:30',
  _id: new ObjectId("62e2c7efcb2be43fe8695b2a")
}
[2022-07-28T20:31:27.999] [INFO] default - Sending message to email...
[2022-07-28T20:31:27.999] [INFO] default - Sending email...
[2022-07-28T20:31:28.039] [INFO] default - Creating Dto for user...
[2022-07-28T20:31:28.039] [INFO] default - Generating new tokens...
[2022-07-28T20:31:28.041] [INFO] default - Generating access Token...
[2022-07-28T20:31:28.114] [INFO] default - Access Token is: eyJhbGciOiJIUzI1NiIsInR5cCI6IkpXVCJ9.eyJlbWFpbCI6ImNoYWthY2hha292aWNoQGdtYWlsLmNvbSIsImlkIjoiNjJlMmM3ZWZjYjJiZTQzZmU4Njk1YjJhIiwiaXNBY3RpdmF0ZWQiOmZhbHNlLCJpYXQiOjE2NTkwMjk0ODgsImV4cCI6MTY1OTAzMTI4OH0.RWxu8pLZaz1zZMpbqVGmusJYdeZJC8M2T7820wdTMq4
[2022-07-28T20:31:28.115] [INFO] default - Generating refresh Token...
[2022-07-28T20:31:28.115] [INFO] default - Refresh Token is: eyJhbGciOiJIUzI1NiIsInR5cCI6IkpXVCJ9.eyJlbWFpbCI6ImNoYWthY2hha292aWNoQGdtYWlsLmNvbSIsImlkIjoiNjJlMmM3ZWZjYjJiZTQzZmU4Njk1YjJhIiwiaXNBY3RpdmF0ZWQiOmZhbHNlLCJpYXQiOjE2NTkwMjk0ODgsImV4cCI6MTY1OTYzNDI4OH0.2ZiuNqhUOE46gGkyNKXfgY1RKTTz1HWocQuYBFEnHic
[2022-07-28T20:31:28.116] [INFO] default - Saving or update refresh token...
[2022-07-28T20:31:28.116] [INFO] default - Searching already exist refreshToken...
[2022-07-28T20:31:28.145] [INFO] default - Generating new refresh Token...
[2022-07-28T20:31:28.147] [INFO] default - Generated new refresh Token.
[2022-07-28T20:31:28.148] [INFO] default - Sending info and tokens...
[2022-07-28T20:31:28.148] [INFO] default - New user is created.
[2022-07-28T20:31:30.009] [INFO] default - Email has been sent successfully!
[2022-07-28T20:32:46.548] [INFO] default - Loading Application...
[2022-07-28T20:32:46.549] [INFO] default - Database connecting...
[2022-07-28T20:32:46.559] [INFO] default - Database connected.
[2022-07-28T20:32:46.559] [INFO] default - Middlewares including...
[2022-07-28T20:32:46.560] [INFO] default - Middlewares included.
[2022-07-28T20:32:46.560] [INFO] default - Routing including...
[2022-07-28T20:32:46.560] [INFO] default - Routing included.
[2022-07-28T20:32:46.561] [INFO] default - Error middleware including...
[2022-07-28T20:32:46.561] [INFO] default - Error middleware included.
[2022-07-28T20:32:46.561] [INFO] default - Success load Application.
[2022-07-28T20:32:46.564] [INFO] default - Server is working on http://localhost:5000
[2022-07-28T20:32:46.564] [INFO] default - Database is working on mongodb://127.0.0.1:27017/auth
[2022-07-28T20:34:23.149] [INFO] default - Loading Application...
[2022-07-28T20:34:23.151] [INFO] default - Database connecting...
[2022-07-28T20:34:23.160] [INFO] default - Database connected.
[2022-07-28T20:34:23.160] [INFO] default - Middlewares including...
[2022-07-28T20:34:23.161] [INFO] default - Middlewares included.
[2022-07-28T20:34:23.161] [INFO] default - Routing including...
[2022-07-28T20:34:23.161] [INFO] default - Routing included.
[2022-07-28T20:34:23.162] [INFO] default - Error middleware including...
[2022-07-28T20:34:23.162] [INFO] default - Error middleware included.
[2022-07-28T20:34:23.162] [INFO] default - Success load Application.
[2022-07-28T20:34:23.165] [INFO] default - Server is working on http://localhost:5000
[2022-07-28T20:34:23.166] [INFO] default - Database is working on mongodb://127.0.0.1:27017/auth
[2022-07-28T20:36:26.812] [INFO] default - Loading Application...
[2022-07-28T20:36:26.813] [INFO] default - Database connecting...
[2022-07-28T20:36:26.822] [INFO] default - Database connected.
[2022-07-28T20:36:26.823] [INFO] default - Middlewares including...
[2022-07-28T20:36:26.824] [INFO] default - Middlewares included.
[2022-07-28T20:36:26.824] [INFO] default - Routing including...
[2022-07-28T20:36:26.824] [INFO] default - Routing included.
[2022-07-28T20:36:26.824] [INFO] default - Error middleware including...
[2022-07-28T20:36:26.824] [INFO] default - Error middleware included.
[2022-07-28T20:36:26.825] [INFO] default - Success load Application.
[2022-07-28T20:36:26.828] [INFO] default - Server is working on http://localhost:5000
[2022-07-28T20:36:26.828] [INFO] default - Database is working on mongodb://127.0.0.1:27017/auth
[2022-07-28T20:45:21.085] [INFO] default - Loading Application...
[2022-07-28T20:45:21.086] [INFO] default - Database connecting...
[2022-07-28T20:45:21.096] [INFO] default - Database connected.
[2022-07-28T20:45:21.096] [INFO] default - Middlewares including...
[2022-07-28T20:45:21.097] [INFO] default - Middlewares included.
[2022-07-28T20:45:21.097] [INFO] default - Routing including...
[2022-07-28T20:45:21.097] [INFO] default - Routing included.
[2022-07-28T20:45:21.098] [INFO] default - Error middleware including...
[2022-07-28T20:45:21.098] [INFO] default - Error middleware included.
[2022-07-28T20:45:21.098] [INFO] default - Success load Application.
[2022-07-28T20:45:21.101] [INFO] default - Server is working on http://localhost:5000
[2022-07-28T20:45:21.101] [INFO] default - Database is working on mongodb://127.0.0.1:27017/auth
[2022-07-28T20:46:56.817] [INFO] default - Checking for validation errors...
[2022-07-28T20:46:56.818] [INFO] default - Validation success.
[2022-07-28T20:46:56.818] [INFO] default - Getting data from request...
[2022-07-28T20:46:56.818] [INFO] default - Data are: chakachakovich@gmail.com , 0000.
[2022-07-28T20:46:56.818] [INFO] default - Registration new user...
[2022-07-28T20:46:56.819] [INFO] default - Checking for already exist user...
[2022-07-28T20:46:56.829] [ERROR] default - Error on registration in User service!
[2022-07-28T20:46:56.829] [ERROR] default - Error: User already exist!
    at userService.<anonymous> (B:\Projects\auth-ts\src\server\services\userService.ts:43:23)
    at Generator.next (<anonymous>)
    at fulfilled (B:\Projects\auth-ts\src\server\services\userService.ts:5:58)
    at processTicksAndRejections (node:internal/process/task_queues:96:5)
[2022-07-28T20:46:56.837] [ERROR] default - AuthError: Error on registration!
    at Function.badRequest (B:\Projects\auth-ts\src\server\exceptions\authError.ts:22:16)
    at B:\Projects\auth-ts\src\server\controllers\userController.ts:52:39
    at Generator.next (<anonymous>)
    at fulfilled (B:\Projects\auth-ts\src\server\controllers\userController.ts:5:58)
    at processTicksAndRejections (node:internal/process/task_queues:96:5) {
  status: 400,
  errors: []
}
[2022-07-28T20:47:07.965] [INFO] default - Checking for validation errors...
[2022-07-28T20:47:07.965] [INFO] default - Getting data from request...
[2022-07-28T20:47:07.965] [INFO] default - Data are: chakachakovich@gmail.com , 0000.
[2022-07-28T20:47:07.966] [INFO] default - Login user...
[2022-07-28T20:47:07.966] [INFO] default - Checking for already exist user...
[2022-07-28T20:47:07.968] [INFO] default - Rehashing password...
[2022-07-28T20:47:07.983] [INFO] default - Password equal: true
[2022-07-28T20:47:07.983] [INFO] default - Creating Dto for user...
[2022-07-28T20:47:07.984] [INFO] default - User Dto created: [object Object]
[2022-07-28T20:47:07.984] [INFO] default - Generating new tokens...
[2022-07-28T20:47:07.985] [INFO] default - Generating access Token...
[2022-07-28T20:47:07.986] [INFO] default - Access Token is: eyJhbGciOiJIUzI1NiIsInR5cCI6IkpXVCJ9.eyJlbWFpbCI6ImNoYWthY2hha292aWNoQGdtYWlsLmNvbSIsImlkIjoiNjJlMmM3ZWZjYjJiZTQzZmU4Njk1YjJhIiwiaXNBY3RpdmF0ZWQiOmZhbHNlLCJpYXQiOjE2NTkwMzA0MjcsImV4cCI6MTY1OTAzMjIyN30._n5B9zVMA2vZ6rTG-InuD5Spk8_LZzR2jIFG7iun9-w
[2022-07-28T20:47:07.986] [INFO] default - Generating refresh Token...
[2022-07-28T20:47:07.987] [INFO] default - Refresh Token is: eyJhbGciOiJIUzI1NiIsInR5cCI6IkpXVCJ9.eyJlbWFpbCI6ImNoYWthY2hha292aWNoQGdtYWlsLmNvbSIsImlkIjoiNjJlMmM3ZWZjYjJiZTQzZmU4Njk1YjJhIiwiaXNBY3RpdmF0ZWQiOmZhbHNlLCJpYXQiOjE2NTkwMzA0MjcsImV4cCI6MTY1OTYzNTIyN30.2uUSuOHSwMcIzgMKEOmjhyghScyYTkhWNSV4oW9pNjI
[2022-07-28T20:47:07.987] [INFO] default - Saving or update refresh token...
[2022-07-28T20:47:07.987] [INFO] default - Searching already exist refreshToken...
[2022-07-28T20:47:07.990] [INFO] default - refreshToken found.
[2022-07-28T20:47:07.998] [INFO] default - Sending info and tokens...
[2022-07-28T20:47:07.998] [INFO] default - Success auth login.
[2022-07-28T20:47:12.864] [INFO] default - Logout process...
[2022-07-28T20:47:12.864] [INFO] default - Deleting token...
[2022-07-28T20:47:12.865] [INFO] default - Removing Token from DB...
[2022-07-28T20:47:12.867] [INFO] default - Success removing Token from DB.
[2022-07-28T20:47:12.867] [INFO] default - Success deleting token.
[2022-07-28T20:47:12.867] [INFO] default - { acknowledged: true, deletedCount: 1 }
[2022-07-28T20:47:12.867] [INFO] default - Success logout.
[2022-07-28T20:47:17.163] [INFO] default - Checking for validation errors...
[2022-07-28T20:47:17.163] [INFO] default - Getting data from request...
[2022-07-28T20:47:17.164] [INFO] default - Data are: chakachakovich@gmail.com , 0000.
[2022-07-28T20:47:17.164] [INFO] default - Login user...
[2022-07-28T20:47:17.164] [INFO] default - Checking for already exist user...
[2022-07-28T20:47:17.166] [INFO] default - Rehashing password...
[2022-07-28T20:47:17.168] [INFO] default - Password equal: true
[2022-07-28T20:47:17.168] [INFO] default - Creating Dto for user...
[2022-07-28T20:47:17.169] [INFO] default - User Dto created: [object Object]
[2022-07-28T20:47:17.169] [INFO] default - Generating new tokens...
[2022-07-28T20:47:17.169] [INFO] default - Generating access Token...
[2022-07-28T20:47:17.169] [INFO] default - Access Token is: eyJhbGciOiJIUzI1NiIsInR5cCI6IkpXVCJ9.eyJlbWFpbCI6ImNoYWthY2hha292aWNoQGdtYWlsLmNvbSIsImlkIjoiNjJlMmM3ZWZjYjJiZTQzZmU4Njk1YjJhIiwiaXNBY3RpdmF0ZWQiOmZhbHNlLCJpYXQiOjE2NTkwMzA0MzcsImV4cCI6MTY1OTAzMjIzN30.CPHqstQYLHDedRTbs_SKQlRGOz3XaSB-HRhvftEpHUY
[2022-07-28T20:47:17.169] [INFO] default - Generating refresh Token...
[2022-07-28T20:47:17.170] [INFO] default - Refresh Token is: eyJhbGciOiJIUzI1NiIsInR5cCI6IkpXVCJ9.eyJlbWFpbCI6ImNoYWthY2hha292aWNoQGdtYWlsLmNvbSIsImlkIjoiNjJlMmM3ZWZjYjJiZTQzZmU4Njk1YjJhIiwiaXNBY3RpdmF0ZWQiOmZhbHNlLCJpYXQiOjE2NTkwMzA0MzcsImV4cCI6MTY1OTYzNTIzN30.9fGk21rcrWNjfNuqIEO3MJi7ljw0cuXdUTiEGwKScNM
[2022-07-28T20:47:17.170] [INFO] default - Saving or update refresh token...
[2022-07-28T20:47:17.170] [INFO] default - Searching already exist refreshToken...
[2022-07-28T20:47:17.172] [INFO] default - Generating new refresh Token...
[2022-07-28T20:47:17.178] [INFO] default - Generated new refresh Token.
[2022-07-28T20:47:17.178] [INFO] default - Sending info and tokens...
[2022-07-28T20:47:17.178] [INFO] default - Success auth login.
[2022-07-28T20:47:32.818] [INFO] default - Validating Access Token...
[2022-07-28T20:47:32.819] [INFO] default - Validating Access Token success.
[2022-07-28T20:47:32.819] [INFO] default - Getting all users...
[2022-07-28T20:47:32.819] [INFO] default - Taking data from DB...
[2022-07-28T20:47:32.822] [INFO] default - Success got data form DB
[2022-07-28T20:47:32.822] [INFO] default - Got all users.
[2022-07-28T20:47:32.823] [INFO] default - All users:{
  _id: new ObjectId("62e2c7efcb2be43fe8695b2a"),
  email: 'chakachakovich@gmail.com',
  password: '$2a$04$.HpkCOp.RDkM7U8zquvASem8YERHo5hbqq8bReS1Ht5V5QCaCmaau',
  role: 'User',
  isActivated: false,
  activationLink: '5d447fcf-a325-4d83-9e1f-a563ebb7c598',
  createDate: '28.07.2022, 20:30'
}
[2022-07-28T20:48:28.732] [INFO] default - Loading Application...
[2022-07-28T20:48:28.734] [INFO] default - Database connecting...
[2022-07-28T20:48:28.744] [INFO] default - Database connected.
[2022-07-28T20:48:28.744] [INFO] default - Middlewares including...
[2022-07-28T20:48:28.745] [INFO] default - Middlewares included.
[2022-07-28T20:48:28.745] [INFO] default - Routing including...
[2022-07-28T20:48:28.745] [INFO] default - Routing included.
[2022-07-28T20:48:28.745] [INFO] default - Error middleware including...
[2022-07-28T20:48:28.746] [INFO] default - Error middleware included.
[2022-07-28T20:48:28.746] [INFO] default - Success load Application.
[2022-07-28T20:48:28.749] [INFO] default - Server is working on http://localhost:5000
[2022-07-28T20:48:28.749] [INFO] default - Database is working on mongodb://127.0.0.1:27017/auth
